2019-06-04 09:07:59,463 logs.py LogsSave 10 DEBUG<->未输入百度搜索内容。
2019-06-04 09:07:59,463 logs.py LogsSave 10 DEBUG<->未输入百度搜索内容。
2019-06-04 09:07:59,463 logs.py LogsSave 10 DEBUG<->未输入百度搜索内容。
2019-06-04 09:07:59,463 logs.py LogsSave 10 DEBUG<->未输入百度搜索内容。
2019-06-04 09:07:59,463 logs.py LogsSave 10 DEBUG<->未输入百度搜索内容。
2019-06-04 09:07:59,463 logs.py LogsSave 10 DEBUG<->未输入百度搜索内容。
2019-06-04 09:07:59,463 logs.py LogsSave 10 DEBUG<->未输入百度搜索内容。
2019-06-04 09:16:38,219 logs.py LogsSave 10 DEBUG<->未输入百度搜索内容。
2019-06-04 09:16:38,219 logs.py LogsSave 10 DEBUG<->未输入百度搜索内容。
2019-06-04 09:16:38,219 logs.py LogsSave 10 DEBUG<->未输入百度搜索内容。
2019-06-04 09:16:38,219 logs.py LogsSave 10 DEBUG<->未输入百度搜索内容。
2019-06-04 09:16:38,219 logs.py LogsSave 10 DEBUG<->未输入百度搜索内容。
2019-06-04 09:16:38,219 logs.py LogsSave 10 DEBUG<->未输入百度搜索内容。
2019-06-04 09:16:38,219 logs.py LogsSave 10 DEBUG<->未输入百度搜索内容。
2019-06-04 09:17:54,500 logs.py LogsSave 10 DEBUG<->未输入百度搜索内容。
2019-06-04 09:17:54,500 logs.py LogsSave 10 DEBUG<->未输入百度搜索内容。
2019-06-04 09:17:54,500 logs.py LogsSave 10 DEBUG<->未输入百度搜索内容。
2019-06-04 09:17:54,500 logs.py LogsSave 10 DEBUG<->未输入百度搜索内容。
2019-06-04 09:17:54,500 logs.py LogsSave 10 DEBUG<->未输入百度搜索内容。
2019-06-04 09:17:54,500 logs.py LogsSave 10 DEBUG<->未输入百度搜索内容。
2019-06-04 09:17:54,500 logs.py LogsSave 10 DEBUG<->未输入百度搜索内容。
2019-06-04 09:18:23,292 logs.py LogsSave 10 DEBUG<->未输入百度搜索内容。
2019-06-04 09:18:23,292 logs.py LogsSave 10 DEBUG<->未输入百度搜索内容。
2019-06-04 09:18:23,292 logs.py LogsSave 10 DEBUG<->未输入百度搜索内容。
2019-06-04 09:18:23,292 logs.py LogsSave 10 DEBUG<->未输入百度搜索内容。
2019-06-04 09:18:23,292 logs.py LogsSave 10 DEBUG<->未输入百度搜索内容。
2019-06-04 09:18:23,292 logs.py LogsSave 10 DEBUG<->未输入百度搜索内容。
2019-06-04 09:18:23,292 logs.py LogsSave 10 DEBUG<->未输入百度搜索内容。
2019-06-04 09:30:27,975 logs.py LogsSave 10 DEBUG<->未输入百度搜索内容。
2019-06-04 09:30:27,975 logs.py LogsSave 10 DEBUG<->未输入百度搜索内容。
2019-06-04 09:30:27,975 logs.py LogsSave 10 DEBUG<->未输入百度搜索内容。
2019-06-04 09:30:27,975 logs.py LogsSave 10 DEBUG<->未输入百度搜索内容。
2019-06-04 09:30:27,975 logs.py LogsSave 10 DEBUG<->未输入百度搜索内容。
2019-06-04 09:30:27,975 logs.py LogsSave 10 DEBUG<->未输入百度搜索内容。
2019-06-04 09:30:27,975 logs.py LogsSave 10 DEBUG<->未输入百度搜索内容。
2019-06-04 09:30:30,039 logs.py LogsSave 10 DEBUG<->未输入百度搜索内容。
2019-06-04 09:30:30,039 logs.py LogsSave 10 DEBUG<->未输入百度搜索内容。
2019-06-04 09:30:30,039 logs.py LogsSave 10 DEBUG<->未输入百度搜索内容。
2019-06-04 09:30:30,039 logs.py LogsSave 10 DEBUG<->未输入百度搜索内容。
2019-06-04 09:30:30,039 logs.py LogsSave 10 DEBUG<->未输入百度搜索内容。
2019-06-04 09:30:30,039 logs.py LogsSave 10 DEBUG<->未输入百度搜索内容。
2019-06-04 09:30:30,039 logs.py LogsSave 10 DEBUG<->未输入百度搜索内容。
2019-06-04 09:31:57,760 logs.py LogsSave 10 DEBUG<->获取失败！ timed out
2019-06-04 09:31:57,760 logs.py LogsSave 10 DEBUG<->获取失败！ timed out
2019-06-04 09:31:57,760 logs.py LogsSave 10 DEBUG<->获取失败！ timed out
2019-06-04 09:31:57,760 logs.py LogsSave 10 DEBUG<->获取失败！ timed out
2019-06-04 09:31:57,760 logs.py LogsSave 10 DEBUG<->获取失败！ timed out
2019-06-04 09:31:57,760 logs.py LogsSave 10 DEBUG<->获取失败！ timed out
2019-06-04 09:31:57,760 logs.py LogsSave 10 DEBUG<->获取失败！ timed out
2019-06-04 09:31:58,902 logs.py LogsSave 10 DEBUG<->远德(北京)测试测量技术有限公司
2019-06-04 09:31:58,902 logs.py LogsSave 10 DEBUG<->远德(北京)测试测量技术有限公司
2019-06-04 09:31:58,902 logs.py LogsSave 10 DEBUG<->远德(北京)测试测量技术有限公司
2019-06-04 09:31:58,902 logs.py LogsSave 10 DEBUG<->远德(北京)测试测量技术有限公司
2019-06-04 09:31:58,902 logs.py LogsSave 10 DEBUG<->远德(北京)测试测量技术有限公司
2019-06-04 09:31:58,902 logs.py LogsSave 10 DEBUG<->远德(北京)测试测量技术有限公司
2019-06-04 09:31:58,902 logs.py LogsSave 10 DEBUG<->远德(北京)测试测量技术有限公司
2019-06-04 09:31:58,922 logs.py LogsSave 10 DEBUG<->测测最适合你的城市类型是什么样子的? - 壹心理
2019-06-04 09:31:58,922 logs.py LogsSave 10 DEBUG<->测测最适合你的城市类型是什么样子的? - 壹心理
2019-06-04 09:31:58,922 logs.py LogsSave 10 DEBUG<->测测最适合你的城市类型是什么样子的? - 壹心理
2019-06-04 09:31:58,922 logs.py LogsSave 10 DEBUG<->测测最适合你的城市类型是什么样子的? - 壹心理
2019-06-04 09:31:58,922 logs.py LogsSave 10 DEBUG<->测测最适合你的城市类型是什么样子的? - 壹心理
2019-06-04 09:31:58,922 logs.py LogsSave 10 DEBUG<->测测最适合你的城市类型是什么样子的? - 壹心理
2019-06-04 09:31:58,922 logs.py LogsSave 10 DEBUG<->测测最适合你的城市类型是什么样子的? - 壹心理
2019-06-04 09:31:58,928 logs.py LogsSave 10 DEBUG<->测测你适合的口头禅是什么? - 壹心理
2019-06-04 09:31:58,928 logs.py LogsSave 10 DEBUG<->测测你适合的口头禅是什么? - 壹心理
2019-06-04 09:31:58,928 logs.py LogsSave 10 DEBUG<->测测你适合的口头禅是什么? - 壹心理
2019-06-04 09:31:58,928 logs.py LogsSave 10 DEBUG<->测测你适合的口头禅是什么? - 壹心理
2019-06-04 09:31:58,928 logs.py LogsSave 10 DEBUG<->测测你适合的口头禅是什么? - 壹心理
2019-06-04 09:31:58,928 logs.py LogsSave 10 DEBUG<->测测你适合的口头禅是什么? - 壹心理
2019-06-04 09:31:58,928 logs.py LogsSave 10 DEBUG<->测测你适合的口头禅是什么? - 壹心理
2019-06-04 09:31:58,944 logs.py LogsSave 10 DEBUG<->测试测量 | 自动化 | 汽车测试 | 工业通讯 | 开发工具 | 软件工程...
2019-06-04 09:31:58,944 logs.py LogsSave 10 DEBUG<->测试测量 | 自动化 | 汽车测试 | 工业通讯 | 开发工具 | 软件工程...
2019-06-04 09:31:58,944 logs.py LogsSave 10 DEBUG<->测试测量 | 自动化 | 汽车测试 | 工业通讯 | 开发工具 | 软件工程...
2019-06-04 09:31:58,944 logs.py LogsSave 10 DEBUG<->测试测量 | 自动化 | 汽车测试 | 工业通讯 | 开发工具 | 软件工程...
2019-06-04 09:31:58,944 logs.py LogsSave 10 DEBUG<->测试测量 | 自动化 | 汽车测试 | 工业通讯 | 开发工具 | 软件工程...
2019-06-04 09:31:58,944 logs.py LogsSave 10 DEBUG<->测试测量 | 自动化 | 汽车测试 | 工业通讯 | 开发工具 | 软件工程...
2019-06-04 09:31:58,944 logs.py LogsSave 10 DEBUG<->测试测量 | 自动化 | 汽车测试 | 工业通讯 | 开发工具 | 软件工程...
2019-06-04 09:31:58,950 logs.py LogsSave 10 DEBUG<->测测你有多缺心眼? - 壹心理
2019-06-04 09:31:58,950 logs.py LogsSave 10 DEBUG<->测测你有多缺心眼? - 壹心理
2019-06-04 09:31:58,950 logs.py LogsSave 10 DEBUG<->测测你有多缺心眼? - 壹心理
2019-06-04 09:31:58,950 logs.py LogsSave 10 DEBUG<->测测你有多缺心眼? - 壹心理
2019-06-04 09:31:58,950 logs.py LogsSave 10 DEBUG<->测测你有多缺心眼? - 壹心理
2019-06-04 09:31:58,950 logs.py LogsSave 10 DEBUG<->测测你有多缺心眼? - 壹心理
2019-06-04 09:31:58,950 logs.py LogsSave 10 DEBUG<->测测你有多缺心眼? - 壹心理
2019-06-04 09:31:58,960 logs.py LogsSave 10 DEBUG<->测测你最佳的爱情距离是多远? - 壹心理
2019-06-04 09:31:58,960 logs.py LogsSave 10 DEBUG<->测测你最佳的爱情距离是多远? - 壹心理
2019-06-04 09:31:58,960 logs.py LogsSave 10 DEBUG<->测测你最佳的爱情距离是多远? - 壹心理
2019-06-04 09:31:58,960 logs.py LogsSave 10 DEBUG<->测测你最佳的爱情距离是多远? - 壹心理
2019-06-04 09:31:58,960 logs.py LogsSave 10 DEBUG<->测测你最佳的爱情距离是多远? - 壹心理
2019-06-04 09:31:58,960 logs.py LogsSave 10 DEBUG<->测测你最佳的爱情距离是多远? - 壹心理
2019-06-04 09:31:58,960 logs.py LogsSave 10 DEBUG<->测测你最佳的爱情距离是多远? - 壹心理
2019-06-04 09:31:58,974 logs.py LogsSave 10 DEBUG<->最准的15道心理测试 测测你的智商多高_高三网
2019-06-04 09:31:58,974 logs.py LogsSave 10 DEBUG<->最准的15道心理测试 测测你的智商多高_高三网
2019-06-04 09:31:58,974 logs.py LogsSave 10 DEBUG<->最准的15道心理测试 测测你的智商多高_高三网
2019-06-04 09:31:58,974 logs.py LogsSave 10 DEBUG<->最准的15道心理测试 测测你的智商多高_高三网
2019-06-04 09:31:58,974 logs.py LogsSave 10 DEBUG<->最准的15道心理测试 测测你的智商多高_高三网
2019-06-04 09:31:58,974 logs.py LogsSave 10 DEBUG<->最准的15道心理测试 测测你的智商多高_高三网
2019-06-04 09:31:58,974 logs.py LogsSave 10 DEBUG<->最准的15道心理测试 测测你的智商多高_高三网
2019-06-04 09:31:58,982 logs.py LogsSave 10 DEBUG<->测一测你把生活过成什么样了? - 壹心理
2019-06-04 09:31:58,982 logs.py LogsSave 10 DEBUG<->测一测你把生活过成什么样了? - 壹心理
2019-06-04 09:31:58,982 logs.py LogsSave 10 DEBUG<->测一测你把生活过成什么样了? - 壹心理
2019-06-04 09:31:58,982 logs.py LogsSave 10 DEBUG<->测一测你把生活过成什么样了? - 壹心理
2019-06-04 09:31:58,982 logs.py LogsSave 10 DEBUG<->测一测你把生活过成什么样了? - 壹心理
2019-06-04 09:31:58,982 logs.py LogsSave 10 DEBUG<->测一测你把生活过成什么样了? - 壹心理
2019-06-04 09:31:58,982 logs.py LogsSave 10 DEBUG<->测一测你把生活过成什么样了? - 壹心理
2019-06-04 09:31:58,990 logs.py LogsSave 10 DEBUG<->【华测检测面试|面试题】-看准网
2019-06-04 09:31:58,990 logs.py LogsSave 10 DEBUG<->【华测检测面试|面试题】-看准网
2019-06-04 09:31:58,990 logs.py LogsSave 10 DEBUG<->【华测检测面试|面试题】-看准网
2019-06-04 09:31:58,990 logs.py LogsSave 10 DEBUG<->【华测检测面试|面试题】-看准网
2019-06-04 09:31:58,990 logs.py LogsSave 10 DEBUG<->【华测检测面试|面试题】-看准网
2019-06-04 09:31:58,990 logs.py LogsSave 10 DEBUG<->【华测检测面试|面试题】-看准网
2019-06-04 09:31:58,990 logs.py LogsSave 10 DEBUG<->【华测检测面试|面试题】-看准网
2019-06-04 09:31:59,000 logs.py LogsSave 10 DEBUG<->女性:测测你容易获得怎样的缘分? - 壹心理
2019-06-04 09:31:59,000 logs.py LogsSave 10 DEBUG<->女性:测测你容易获得怎样的缘分? - 壹心理
2019-06-04 09:31:59,000 logs.py LogsSave 10 DEBUG<->女性:测测你容易获得怎样的缘分? - 壹心理
2019-06-04 09:31:59,000 logs.py LogsSave 10 DEBUG<->女性:测测你容易获得怎样的缘分? - 壹心理
2019-06-04 09:31:59,000 logs.py LogsSave 10 DEBUG<->女性:测测你容易获得怎样的缘分? - 壹心理
2019-06-04 09:31:59,000 logs.py LogsSave 10 DEBUG<->女性:测测你容易获得怎样的缘分? - 壹心理
2019-06-04 09:31:59,000 logs.py LogsSave 10 DEBUG<->女性:测测你容易获得怎样的缘分? - 壹心理
2019-06-04 09:33:45,899 logs.py LogsSave 10 DEBUG<->未输入百度搜索内容。
2019-06-04 09:33:45,899 logs.py LogsSave 10 DEBUG<->未输入百度搜索内容。
2019-06-04 09:33:45,899 logs.py LogsSave 10 DEBUG<->未输入百度搜索内容。
2019-06-04 09:33:45,899 logs.py LogsSave 10 DEBUG<->未输入百度搜索内容。
2019-06-04 09:33:45,899 logs.py LogsSave 10 DEBUG<->未输入百度搜索内容。
2019-06-04 09:33:45,899 logs.py LogsSave 10 DEBUG<->未输入百度搜索内容。
2019-06-04 09:33:45,899 logs.py LogsSave 10 DEBUG<->未输入百度搜索内容。
2019-06-04 10:31:49,789 logs.py LogsSave 10 DEBUG<->C:\Users的目录下内容包括['All Users', 'AT', 'Default', 'Default User', 'desktop.ini', 'Public']
2019-06-04 10:31:49,789 logs.py LogsSave 10 DEBUG<->C:\Users的目录下内容包括['All Users', 'AT', 'Default', 'Default User', 'desktop.ini', 'Public']
2019-06-04 10:31:49,789 logs.py LogsSave 10 DEBUG<->C:\Users的目录下内容包括['All Users', 'AT', 'Default', 'Default User', 'desktop.ini', 'Public']
2019-06-04 10:31:49,789 logs.py LogsSave 10 DEBUG<->C:\Users的目录下内容包括['All Users', 'AT', 'Default', 'Default User', 'desktop.ini', 'Public']
2019-06-04 10:31:49,789 logs.py LogsSave 10 DEBUG<->C:\Users的目录下内容包括['All Users', 'AT', 'Default', 'Default User', 'desktop.ini', 'Public']
2019-06-04 10:31:49,789 logs.py LogsSave 10 DEBUG<->C:\Users的目录下内容包括['All Users', 'AT', 'Default', 'Default User', 'desktop.ini', 'Public']
2019-06-04 10:31:49,789 logs.py LogsSave 10 DEBUG<->C:\Users的目录下内容包括['All Users', 'AT', 'Default', 'Default User', 'desktop.ini', 'Public']
2019-06-04 10:31:49,789 logs.py LogsSave 10 DEBUG<->C:\Users的目录下内容包括['All Users', 'AT', 'Default', 'Default User', 'desktop.ini', 'Public']
2019-06-04 10:31:49,789 logs.py LogsSave 10 DEBUG<->C:\Users的目录下内容包括['All Users', 'AT', 'Default', 'Default User', 'desktop.ini', 'Public']
2019-06-04 10:32:46,251 logs.py LogsSave 10 DEBUG<->C:\Users的目录下内容包括['All Users', 'AT', 'Default', 'Default User', 'desktop.ini', 'Public']
2019-06-04 10:32:46,251 logs.py LogsSave 10 DEBUG<->C:\Users的目录下内容包括['All Users', 'AT', 'Default', 'Default User', 'desktop.ini', 'Public']
2019-06-04 10:32:46,251 logs.py LogsSave 10 DEBUG<->C:\Users的目录下内容包括['All Users', 'AT', 'Default', 'Default User', 'desktop.ini', 'Public']
2019-06-04 10:32:46,251 logs.py LogsSave 10 DEBUG<->C:\Users的目录下内容包括['All Users', 'AT', 'Default', 'Default User', 'desktop.ini', 'Public']
2019-06-04 10:32:46,251 logs.py LogsSave 10 DEBUG<->C:\Users的目录下内容包括['All Users', 'AT', 'Default', 'Default User', 'desktop.ini', 'Public']
2019-06-04 10:32:46,251 logs.py LogsSave 10 DEBUG<->C:\Users的目录下内容包括['All Users', 'AT', 'Default', 'Default User', 'desktop.ini', 'Public']
2019-06-04 10:32:46,251 logs.py LogsSave 10 DEBUG<->C:\Users的目录下内容包括['All Users', 'AT', 'Default', 'Default User', 'desktop.ini', 'Public']
2019-06-04 10:32:46,251 logs.py LogsSave 10 DEBUG<->C:\Users的目录下内容包括['All Users', 'AT', 'Default', 'Default User', 'desktop.ini', 'Public']
2019-06-04 10:32:46,251 logs.py LogsSave 10 DEBUG<->C:\Users的目录下内容包括['All Users', 'AT', 'Default', 'Default User', 'desktop.ini', 'Public']
2019-06-04 10:33:04,024 logs.py LogsSave 10 DEBUG<->OrderedDict([('C盘使用率：', '78.2%'), ('C剩余空间：', '21GB'), ('D盘使用率：', '82.0%'), ('D剩余空间：', '48GB'), ('E盘使用率：', '91.1%'), ('E剩余空间：', '8GB')])
2019-06-04 10:33:04,024 logs.py LogsSave 10 DEBUG<->OrderedDict([('C盘使用率：', '78.2%'), ('C剩余空间：', '21GB'), ('D盘使用率：', '82.0%'), ('D剩余空间：', '48GB'), ('E盘使用率：', '91.1%'), ('E剩余空间：', '8GB')])
2019-06-04 10:33:04,024 logs.py LogsSave 10 DEBUG<->OrderedDict([('C盘使用率：', '78.2%'), ('C剩余空间：', '21GB'), ('D盘使用率：', '82.0%'), ('D剩余空间：', '48GB'), ('E盘使用率：', '91.1%'), ('E剩余空间：', '8GB')])
2019-06-04 10:33:04,024 logs.py LogsSave 10 DEBUG<->OrderedDict([('C盘使用率：', '78.2%'), ('C剩余空间：', '21GB'), ('D盘使用率：', '82.0%'), ('D剩余空间：', '48GB'), ('E盘使用率：', '91.1%'), ('E剩余空间：', '8GB')])
2019-06-04 10:33:04,024 logs.py LogsSave 10 DEBUG<->OrderedDict([('C盘使用率：', '78.2%'), ('C剩余空间：', '21GB'), ('D盘使用率：', '82.0%'), ('D剩余空间：', '48GB'), ('E盘使用率：', '91.1%'), ('E剩余空间：', '8GB')])
2019-06-04 10:33:04,024 logs.py LogsSave 10 DEBUG<->OrderedDict([('C盘使用率：', '78.2%'), ('C剩余空间：', '21GB'), ('D盘使用率：', '82.0%'), ('D剩余空间：', '48GB'), ('E盘使用率：', '91.1%'), ('E剩余空间：', '8GB')])
2019-06-04 10:33:04,024 logs.py LogsSave 10 DEBUG<->OrderedDict([('C盘使用率：', '78.2%'), ('C剩余空间：', '21GB'), ('D盘使用率：', '82.0%'), ('D剩余空间：', '48GB'), ('E盘使用率：', '91.1%'), ('E剩余空间：', '8GB')])
2019-06-04 10:33:04,024 logs.py LogsSave 10 DEBUG<->OrderedDict([('C盘使用率：', '78.2%'), ('C剩余空间：', '21GB'), ('D盘使用率：', '82.0%'), ('D剩余空间：', '48GB'), ('E盘使用率：', '91.1%'), ('E剩余空间：', '8GB')])
2019-06-04 10:33:04,024 logs.py LogsSave 10 DEBUG<->OrderedDict([('C盘使用率：', '78.2%'), ('C剩余空间：', '21GB'), ('D盘使用率：', '82.0%'), ('D剩余空间：', '48GB'), ('E盘使用率：', '91.1%'), ('E剩余空间：', '8GB')])
2019-06-04 10:34:40,411 logs.py LogsSave 10 DEBUG<->OrderedDict([('C盘使用率：', '78.2%'), ('C剩余空间：', '21GB'), ('D盘使用率：', '82.0%'), ('D剩余空间：', '48GB'), ('E盘使用率：', '91.1%'), ('E剩余空间：', '8GB')])
2019-06-04 10:34:40,411 logs.py LogsSave 10 DEBUG<->OrderedDict([('C盘使用率：', '78.2%'), ('C剩余空间：', '21GB'), ('D盘使用率：', '82.0%'), ('D剩余空间：', '48GB'), ('E盘使用率：', '91.1%'), ('E剩余空间：', '8GB')])
2019-06-04 10:34:40,411 logs.py LogsSave 10 DEBUG<->OrderedDict([('C盘使用率：', '78.2%'), ('C剩余空间：', '21GB'), ('D盘使用率：', '82.0%'), ('D剩余空间：', '48GB'), ('E盘使用率：', '91.1%'), ('E剩余空间：', '8GB')])
2019-06-04 10:34:40,411 logs.py LogsSave 10 DEBUG<->OrderedDict([('C盘使用率：', '78.2%'), ('C剩余空间：', '21GB'), ('D盘使用率：', '82.0%'), ('D剩余空间：', '48GB'), ('E盘使用率：', '91.1%'), ('E剩余空间：', '8GB')])
2019-06-04 10:34:40,411 logs.py LogsSave 10 DEBUG<->OrderedDict([('C盘使用率：', '78.2%'), ('C剩余空间：', '21GB'), ('D盘使用率：', '82.0%'), ('D剩余空间：', '48GB'), ('E盘使用率：', '91.1%'), ('E剩余空间：', '8GB')])
2019-06-04 10:34:40,411 logs.py LogsSave 10 DEBUG<->OrderedDict([('C盘使用率：', '78.2%'), ('C剩余空间：', '21GB'), ('D盘使用率：', '82.0%'), ('D剩余空间：', '48GB'), ('E盘使用率：', '91.1%'), ('E剩余空间：', '8GB')])
2019-06-04 10:34:40,411 logs.py LogsSave 10 DEBUG<->OrderedDict([('C盘使用率：', '78.2%'), ('C剩余空间：', '21GB'), ('D盘使用率：', '82.0%'), ('D剩余空间：', '48GB'), ('E盘使用率：', '91.1%'), ('E剩余空间：', '8GB')])
2019-06-04 10:35:27,345 logs.py LogsSave 10 DEBUG<->OrderedDict([('C盘使用率：', '78.2%'), ('C剩余空间：', '21GB'), ('D盘使用率：', '82.0%'), ('D剩余空间：', '48GB'), ('E盘使用率：', '91.1%'), ('E剩余空间：', '8GB')])
2019-06-04 10:35:27,345 logs.py LogsSave 10 DEBUG<->OrderedDict([('C盘使用率：', '78.2%'), ('C剩余空间：', '21GB'), ('D盘使用率：', '82.0%'), ('D剩余空间：', '48GB'), ('E盘使用率：', '91.1%'), ('E剩余空间：', '8GB')])
2019-06-04 10:35:27,345 logs.py LogsSave 10 DEBUG<->OrderedDict([('C盘使用率：', '78.2%'), ('C剩余空间：', '21GB'), ('D盘使用率：', '82.0%'), ('D剩余空间：', '48GB'), ('E盘使用率：', '91.1%'), ('E剩余空间：', '8GB')])
2019-06-04 10:35:27,345 logs.py LogsSave 10 DEBUG<->OrderedDict([('C盘使用率：', '78.2%'), ('C剩余空间：', '21GB'), ('D盘使用率：', '82.0%'), ('D剩余空间：', '48GB'), ('E盘使用率：', '91.1%'), ('E剩余空间：', '8GB')])
2019-06-04 10:35:27,345 logs.py LogsSave 10 DEBUG<->OrderedDict([('C盘使用率：', '78.2%'), ('C剩余空间：', '21GB'), ('D盘使用率：', '82.0%'), ('D剩余空间：', '48GB'), ('E盘使用率：', '91.1%'), ('E剩余空间：', '8GB')])
2019-06-04 10:35:27,345 logs.py LogsSave 10 DEBUG<->OrderedDict([('C盘使用率：', '78.2%'), ('C剩余空间：', '21GB'), ('D盘使用率：', '82.0%'), ('D剩余空间：', '48GB'), ('E盘使用率：', '91.1%'), ('E剩余空间：', '8GB')])
2019-06-04 10:35:27,345 logs.py LogsSave 10 DEBUG<->OrderedDict([('C盘使用率：', '78.2%'), ('C剩余空间：', '21GB'), ('D盘使用率：', '82.0%'), ('D剩余空间：', '48GB'), ('E盘使用率：', '91.1%'), ('E剩余空间：', '8GB')])
2019-06-04 10:35:48,924 logs.py LogsSave 10 DEBUG<->OrderedDict([('C盘使用率：', '78.2%'), ('C剩余空间：', '21GB'), ('D盘使用率：', '82.0%'), ('D剩余空间：', '48GB'), ('E盘使用率：', '91.1%'), ('E剩余空间：', '8GB')])
2019-06-04 10:35:48,924 logs.py LogsSave 10 DEBUG<->OrderedDict([('C盘使用率：', '78.2%'), ('C剩余空间：', '21GB'), ('D盘使用率：', '82.0%'), ('D剩余空间：', '48GB'), ('E盘使用率：', '91.1%'), ('E剩余空间：', '8GB')])
2019-06-04 10:35:48,924 logs.py LogsSave 10 DEBUG<->OrderedDict([('C盘使用率：', '78.2%'), ('C剩余空间：', '21GB'), ('D盘使用率：', '82.0%'), ('D剩余空间：', '48GB'), ('E盘使用率：', '91.1%'), ('E剩余空间：', '8GB')])
2019-06-04 10:35:48,924 logs.py LogsSave 10 DEBUG<->OrderedDict([('C盘使用率：', '78.2%'), ('C剩余空间：', '21GB'), ('D盘使用率：', '82.0%'), ('D剩余空间：', '48GB'), ('E盘使用率：', '91.1%'), ('E剩余空间：', '8GB')])
2019-06-04 10:35:48,924 logs.py LogsSave 10 DEBUG<->OrderedDict([('C盘使用率：', '78.2%'), ('C剩余空间：', '21GB'), ('D盘使用率：', '82.0%'), ('D剩余空间：', '48GB'), ('E盘使用率：', '91.1%'), ('E剩余空间：', '8GB')])
2019-06-04 10:35:48,924 logs.py LogsSave 10 DEBUG<->OrderedDict([('C盘使用率：', '78.2%'), ('C剩余空间：', '21GB'), ('D盘使用率：', '82.0%'), ('D剩余空间：', '48GB'), ('E盘使用率：', '91.1%'), ('E剩余空间：', '8GB')])
2019-06-04 10:35:48,924 logs.py LogsSave 10 DEBUG<->OrderedDict([('C盘使用率：', '78.2%'), ('C剩余空间：', '21GB'), ('D盘使用率：', '82.0%'), ('D剩余空间：', '48GB'), ('E盘使用率：', '91.1%'), ('E剩余空间：', '8GB')])
2019-06-04 10:36:00,958 logs.py LogsSave 10 DEBUG<->OrderedDict([('C盘使用率：', '78.2%'), ('C剩余空间：', '21GB'), ('D盘使用率：', '82.0%'), ('D剩余空间：', '48GB'), ('E盘使用率：', '91.1%'), ('E剩余空间：', '8GB')])
2019-06-04 10:36:00,958 logs.py LogsSave 10 DEBUG<->OrderedDict([('C盘使用率：', '78.2%'), ('C剩余空间：', '21GB'), ('D盘使用率：', '82.0%'), ('D剩余空间：', '48GB'), ('E盘使用率：', '91.1%'), ('E剩余空间：', '8GB')])
2019-06-04 10:36:00,958 logs.py LogsSave 10 DEBUG<->OrderedDict([('C盘使用率：', '78.2%'), ('C剩余空间：', '21GB'), ('D盘使用率：', '82.0%'), ('D剩余空间：', '48GB'), ('E盘使用率：', '91.1%'), ('E剩余空间：', '8GB')])
2019-06-04 10:36:00,958 logs.py LogsSave 10 DEBUG<->OrderedDict([('C盘使用率：', '78.2%'), ('C剩余空间：', '21GB'), ('D盘使用率：', '82.0%'), ('D剩余空间：', '48GB'), ('E盘使用率：', '91.1%'), ('E剩余空间：', '8GB')])
2019-06-04 10:36:00,958 logs.py LogsSave 10 DEBUG<->OrderedDict([('C盘使用率：', '78.2%'), ('C剩余空间：', '21GB'), ('D盘使用率：', '82.0%'), ('D剩余空间：', '48GB'), ('E盘使用率：', '91.1%'), ('E剩余空间：', '8GB')])
2019-06-04 10:36:00,958 logs.py LogsSave 10 DEBUG<->OrderedDict([('C盘使用率：', '78.2%'), ('C剩余空间：', '21GB'), ('D盘使用率：', '82.0%'), ('D剩余空间：', '48GB'), ('E盘使用率：', '91.1%'), ('E剩余空间：', '8GB')])
2019-06-04 10:36:00,958 logs.py LogsSave 10 DEBUG<->OrderedDict([('C盘使用率：', '78.2%'), ('C剩余空间：', '21GB'), ('D盘使用率：', '82.0%'), ('D剩余空间：', '48GB'), ('E盘使用率：', '91.1%'), ('E剩余空间：', '8GB')])
2019-06-04 10:36:14,306 logs.py LogsSave 10 DEBUG<->OrderedDict([('C盘使用率：', '78.2%'), ('C剩余空间：', '21GB'), ('D盘使用率：', '82.0%'), ('D剩余空间：', '48GB'), ('E盘使用率：', '91.1%'), ('E剩余空间：', '8GB')])
2019-06-04 10:36:14,306 logs.py LogsSave 10 DEBUG<->OrderedDict([('C盘使用率：', '78.2%'), ('C剩余空间：', '21GB'), ('D盘使用率：', '82.0%'), ('D剩余空间：', '48GB'), ('E盘使用率：', '91.1%'), ('E剩余空间：', '8GB')])
2019-06-04 10:36:14,306 logs.py LogsSave 10 DEBUG<->OrderedDict([('C盘使用率：', '78.2%'), ('C剩余空间：', '21GB'), ('D盘使用率：', '82.0%'), ('D剩余空间：', '48GB'), ('E盘使用率：', '91.1%'), ('E剩余空间：', '8GB')])
2019-06-04 10:36:14,306 logs.py LogsSave 10 DEBUG<->OrderedDict([('C盘使用率：', '78.2%'), ('C剩余空间：', '21GB'), ('D盘使用率：', '82.0%'), ('D剩余空间：', '48GB'), ('E盘使用率：', '91.1%'), ('E剩余空间：', '8GB')])
2019-06-04 10:36:14,306 logs.py LogsSave 10 DEBUG<->OrderedDict([('C盘使用率：', '78.2%'), ('C剩余空间：', '21GB'), ('D盘使用率：', '82.0%'), ('D剩余空间：', '48GB'), ('E盘使用率：', '91.1%'), ('E剩余空间：', '8GB')])
2019-06-04 10:36:14,306 logs.py LogsSave 10 DEBUG<->OrderedDict([('C盘使用率：', '78.2%'), ('C剩余空间：', '21GB'), ('D盘使用率：', '82.0%'), ('D剩余空间：', '48GB'), ('E盘使用率：', '91.1%'), ('E剩余空间：', '8GB')])
2019-06-04 10:36:14,306 logs.py LogsSave 10 DEBUG<->OrderedDict([('C盘使用率：', '78.2%'), ('C剩余空间：', '21GB'), ('D盘使用率：', '82.0%'), ('D剩余空间：', '48GB'), ('E盘使用率：', '91.1%'), ('E剩余空间：', '8GB')])
2019-06-04 10:36:18,846 logs.py LogsSave 10 DEBUG<->C:\Users的目录下内容包括['All Users', 'AT', 'Default', 'Default User', 'desktop.ini', 'Public']
2019-06-04 10:36:18,846 logs.py LogsSave 10 DEBUG<->C:\Users的目录下内容包括['All Users', 'AT', 'Default', 'Default User', 'desktop.ini', 'Public']
2019-06-04 10:36:18,846 logs.py LogsSave 10 DEBUG<->C:\Users的目录下内容包括['All Users', 'AT', 'Default', 'Default User', 'desktop.ini', 'Public']
2019-06-04 10:36:18,846 logs.py LogsSave 10 DEBUG<->C:\Users的目录下内容包括['All Users', 'AT', 'Default', 'Default User', 'desktop.ini', 'Public']
2019-06-04 10:36:18,846 logs.py LogsSave 10 DEBUG<->C:\Users的目录下内容包括['All Users', 'AT', 'Default', 'Default User', 'desktop.ini', 'Public']
2019-06-04 10:36:18,846 logs.py LogsSave 10 DEBUG<->C:\Users的目录下内容包括['All Users', 'AT', 'Default', 'Default User', 'desktop.ini', 'Public']
2019-06-04 10:36:18,846 logs.py LogsSave 10 DEBUG<->C:\Users的目录下内容包括['All Users', 'AT', 'Default', 'Default User', 'desktop.ini', 'Public']
2019-06-04 10:36:18,846 logs.py LogsSave 10 DEBUG<->C:\Users的目录下内容包括['All Users', 'AT', 'Default', 'Default User', 'desktop.ini', 'Public']
2019-06-04 10:36:18,846 logs.py LogsSave 10 DEBUG<->C:\Users的目录下内容包括['All Users', 'AT', 'Default', 'Default User', 'desktop.ini', 'Public']
2019-06-04 10:36:50,611 logs.py LogsSave 10 DEBUG<->OrderedDict([('C盘使用率：', '78.2%'), ('C剩余空间：', '21GB'), ('D盘使用率：', '82.0%'), ('D剩余空间：', '48GB'), ('E盘使用率：', '91.1%'), ('E剩余空间：', '8GB')])
2019-06-04 10:36:50,611 logs.py LogsSave 10 DEBUG<->OrderedDict([('C盘使用率：', '78.2%'), ('C剩余空间：', '21GB'), ('D盘使用率：', '82.0%'), ('D剩余空间：', '48GB'), ('E盘使用率：', '91.1%'), ('E剩余空间：', '8GB')])
2019-06-04 10:36:50,611 logs.py LogsSave 10 DEBUG<->OrderedDict([('C盘使用率：', '78.2%'), ('C剩余空间：', '21GB'), ('D盘使用率：', '82.0%'), ('D剩余空间：', '48GB'), ('E盘使用率：', '91.1%'), ('E剩余空间：', '8GB')])
2019-06-04 10:36:50,611 logs.py LogsSave 10 DEBUG<->OrderedDict([('C盘使用率：', '78.2%'), ('C剩余空间：', '21GB'), ('D盘使用率：', '82.0%'), ('D剩余空间：', '48GB'), ('E盘使用率：', '91.1%'), ('E剩余空间：', '8GB')])
2019-06-04 10:36:50,611 logs.py LogsSave 10 DEBUG<->OrderedDict([('C盘使用率：', '78.2%'), ('C剩余空间：', '21GB'), ('D盘使用率：', '82.0%'), ('D剩余空间：', '48GB'), ('E盘使用率：', '91.1%'), ('E剩余空间：', '8GB')])
2019-06-04 10:36:50,611 logs.py LogsSave 10 DEBUG<->OrderedDict([('C盘使用率：', '78.2%'), ('C剩余空间：', '21GB'), ('D盘使用率：', '82.0%'), ('D剩余空间：', '48GB'), ('E盘使用率：', '91.1%'), ('E剩余空间：', '8GB')])
2019-06-04 10:36:50,611 logs.py LogsSave 10 DEBUG<->OrderedDict([('C盘使用率：', '78.2%'), ('C剩余空间：', '21GB'), ('D盘使用率：', '82.0%'), ('D剩余空间：', '48GB'), ('E盘使用率：', '91.1%'), ('E剩余空间：', '8GB')])
2019-06-04 10:37:12,793 logs.py LogsSave 10 DEBUG<->OrderedDict([('C盘使用率：', '78.2%'), ('C剩余空间：', '21GB'), ('D盘使用率：', '82.0%'), ('D剩余空间：', '48GB'), ('E盘使用率：', '91.1%'), ('E剩余空间：', '8GB')])
2019-06-04 10:37:12,793 logs.py LogsSave 10 DEBUG<->OrderedDict([('C盘使用率：', '78.2%'), ('C剩余空间：', '21GB'), ('D盘使用率：', '82.0%'), ('D剩余空间：', '48GB'), ('E盘使用率：', '91.1%'), ('E剩余空间：', '8GB')])
2019-06-04 10:37:12,793 logs.py LogsSave 10 DEBUG<->OrderedDict([('C盘使用率：', '78.2%'), ('C剩余空间：', '21GB'), ('D盘使用率：', '82.0%'), ('D剩余空间：', '48GB'), ('E盘使用率：', '91.1%'), ('E剩余空间：', '8GB')])
2019-06-04 10:37:12,793 logs.py LogsSave 10 DEBUG<->OrderedDict([('C盘使用率：', '78.2%'), ('C剩余空间：', '21GB'), ('D盘使用率：', '82.0%'), ('D剩余空间：', '48GB'), ('E盘使用率：', '91.1%'), ('E剩余空间：', '8GB')])
2019-06-04 10:37:12,793 logs.py LogsSave 10 DEBUG<->OrderedDict([('C盘使用率：', '78.2%'), ('C剩余空间：', '21GB'), ('D盘使用率：', '82.0%'), ('D剩余空间：', '48GB'), ('E盘使用率：', '91.1%'), ('E剩余空间：', '8GB')])
2019-06-04 10:37:12,793 logs.py LogsSave 10 DEBUG<->OrderedDict([('C盘使用率：', '78.2%'), ('C剩余空间：', '21GB'), ('D盘使用率：', '82.0%'), ('D剩余空间：', '48GB'), ('E盘使用率：', '91.1%'), ('E剩余空间：', '8GB')])
2019-06-04 10:37:12,793 logs.py LogsSave 10 DEBUG<->OrderedDict([('C盘使用率：', '78.2%'), ('C剩余空间：', '21GB'), ('D盘使用率：', '82.0%'), ('D剩余空间：', '48GB'), ('E盘使用率：', '91.1%'), ('E剩余空间：', '8GB')])
2019-06-04 10:37:33,443 logs.py LogsSave 10 DEBUG<->C:\Users的目录下内容包括['All Users', 'AT', 'Default', 'Default User', 'desktop.ini', 'Public']
2019-06-04 10:37:33,443 logs.py LogsSave 10 DEBUG<->C:\Users的目录下内容包括['All Users', 'AT', 'Default', 'Default User', 'desktop.ini', 'Public']
2019-06-04 10:37:33,443 logs.py LogsSave 10 DEBUG<->C:\Users的目录下内容包括['All Users', 'AT', 'Default', 'Default User', 'desktop.ini', 'Public']
2019-06-04 10:37:33,443 logs.py LogsSave 10 DEBUG<->C:\Users的目录下内容包括['All Users', 'AT', 'Default', 'Default User', 'desktop.ini', 'Public']
2019-06-04 10:37:33,443 logs.py LogsSave 10 DEBUG<->C:\Users的目录下内容包括['All Users', 'AT', 'Default', 'Default User', 'desktop.ini', 'Public']
2019-06-04 10:37:33,443 logs.py LogsSave 10 DEBUG<->C:\Users的目录下内容包括['All Users', 'AT', 'Default', 'Default User', 'desktop.ini', 'Public']
2019-06-04 10:37:33,443 logs.py LogsSave 10 DEBUG<->C:\Users的目录下内容包括['All Users', 'AT', 'Default', 'Default User', 'desktop.ini', 'Public']
2019-06-04 10:37:33,443 logs.py LogsSave 10 DEBUG<->C:\Users的目录下内容包括['All Users', 'AT', 'Default', 'Default User', 'desktop.ini', 'Public']
2019-06-04 10:37:33,443 logs.py LogsSave 10 DEBUG<->C:\Users的目录下内容包括['All Users', 'AT', 'Default', 'Default User', 'desktop.ini', 'Public']
2019-06-04 11:24:07,780 logs.py LogsSave 10 DEBUG<->(3, 'CreateProcess', '系统找不到指定的路径。')
2019-06-04 11:24:07,780 logs.py LogsSave 10 DEBUG<->(3, 'CreateProcess', '系统找不到指定的路径。')
2019-06-04 11:24:07,780 logs.py LogsSave 10 DEBUG<->(3, 'CreateProcess', '系统找不到指定的路径。')
2019-06-04 11:24:07,780 logs.py LogsSave 10 DEBUG<->(3, 'CreateProcess', '系统找不到指定的路径。')
2019-06-04 11:24:07,780 logs.py LogsSave 10 DEBUG<->(3, 'CreateProcess', '系统找不到指定的路径。')
2019-06-04 11:24:07,780 logs.py LogsSave 10 DEBUG<->(3, 'CreateProcess', '系统找不到指定的路径。')
2019-06-04 11:24:07,780 logs.py LogsSave 10 DEBUG<->(3, 'CreateProcess', '系统找不到指定的路径。')
2019-06-04 11:24:07,780 logs.py LogsSave 10 DEBUG<->(3, 'CreateProcess', '系统找不到指定的路径。')
2019-06-04 11:24:07,780 logs.py LogsSave 10 DEBUG<->(3, 'CreateProcess', '系统找不到指定的路径。')
2019-06-04 11:24:07,782 logs.py LogsSave 10 DEBUG<->打开微信失败!
2019-06-04 11:24:07,782 logs.py LogsSave 10 DEBUG<->打开微信失败!
2019-06-04 11:24:07,782 logs.py LogsSave 10 DEBUG<->打开微信失败!
2019-06-04 11:24:07,782 logs.py LogsSave 10 DEBUG<->打开微信失败!
2019-06-04 11:24:07,782 logs.py LogsSave 10 DEBUG<->打开微信失败!
2019-06-04 11:24:07,782 logs.py LogsSave 10 DEBUG<->打开微信失败!
2019-06-04 11:24:07,782 logs.py LogsSave 10 DEBUG<->打开微信失败!
2019-06-04 11:24:07,782 logs.py LogsSave 10 DEBUG<->打开微信失败!
2019-06-04 11:24:07,782 logs.py LogsSave 10 DEBUG<->打开微信失败!
2019-06-04 11:24:19,432 logs.py LogsSave 10 DEBUG<->(3, 'CreateProcess', '系统找不到指定的路径。')
2019-06-04 11:24:19,432 logs.py LogsSave 10 DEBUG<->(3, 'CreateProcess', '系统找不到指定的路径。')
2019-06-04 11:24:19,432 logs.py LogsSave 10 DEBUG<->(3, 'CreateProcess', '系统找不到指定的路径。')
2019-06-04 11:24:19,432 logs.py LogsSave 10 DEBUG<->(3, 'CreateProcess', '系统找不到指定的路径。')
2019-06-04 11:24:19,432 logs.py LogsSave 10 DEBUG<->(3, 'CreateProcess', '系统找不到指定的路径。')
2019-06-04 11:24:19,432 logs.py LogsSave 10 DEBUG<->(3, 'CreateProcess', '系统找不到指定的路径。')
2019-06-04 11:24:19,432 logs.py LogsSave 10 DEBUG<->(3, 'CreateProcess', '系统找不到指定的路径。')
2019-06-04 11:24:19,432 logs.py LogsSave 10 DEBUG<->(3, 'CreateProcess', '系统找不到指定的路径。')
2019-06-04 11:24:19,432 logs.py LogsSave 10 DEBUG<->(3, 'CreateProcess', '系统找不到指定的路径。')
2019-06-04 11:24:19,432 logs.py LogsSave 10 DEBUG<->(3, 'CreateProcess', '系统找不到指定的路径。')
2019-06-04 11:24:19,432 logs.py LogsSave 10 DEBUG<->(3, 'CreateProcess', '系统找不到指定的路径。')
2019-06-04 11:24:19,434 logs.py LogsSave 10 DEBUG<->打开微信失败!
2019-06-04 11:24:19,434 logs.py LogsSave 10 DEBUG<->打开微信失败!
2019-06-04 11:24:19,434 logs.py LogsSave 10 DEBUG<->打开微信失败!
2019-06-04 11:24:19,434 logs.py LogsSave 10 DEBUG<->打开微信失败!
2019-06-04 11:24:19,434 logs.py LogsSave 10 DEBUG<->打开微信失败!
2019-06-04 11:24:19,434 logs.py LogsSave 10 DEBUG<->打开微信失败!
2019-06-04 11:24:19,434 logs.py LogsSave 10 DEBUG<->打开微信失败!
2019-06-04 11:24:19,434 logs.py LogsSave 10 DEBUG<->打开微信失败!
2019-06-04 11:24:19,434 logs.py LogsSave 10 DEBUG<->打开微信失败!
2019-06-04 11:24:19,434 logs.py LogsSave 10 DEBUG<->打开微信失败!
2019-06-04 11:24:19,434 logs.py LogsSave 10 DEBUG<->打开微信失败!
2019-06-04 11:24:23,584 logs.py LogsSave 10 DEBUG<->(3, 'CreateProcess', '系统找不到指定的路径。')
2019-06-04 11:24:23,584 logs.py LogsSave 10 DEBUG<->(3, 'CreateProcess', '系统找不到指定的路径。')
2019-06-04 11:24:23,584 logs.py LogsSave 10 DEBUG<->(3, 'CreateProcess', '系统找不到指定的路径。')
2019-06-04 11:24:23,584 logs.py LogsSave 10 DEBUG<->(3, 'CreateProcess', '系统找不到指定的路径。')
2019-06-04 11:24:23,584 logs.py LogsSave 10 DEBUG<->(3, 'CreateProcess', '系统找不到指定的路径。')
2019-06-04 11:24:23,584 logs.py LogsSave 10 DEBUG<->(3, 'CreateProcess', '系统找不到指定的路径。')
2019-06-04 11:24:23,584 logs.py LogsSave 10 DEBUG<->(3, 'CreateProcess', '系统找不到指定的路径。')
2019-06-04 11:24:23,584 logs.py LogsSave 10 DEBUG<->(3, 'CreateProcess', '系统找不到指定的路径。')
2019-06-04 11:24:23,584 logs.py LogsSave 10 DEBUG<->(3, 'CreateProcess', '系统找不到指定的路径。')
2019-06-04 11:24:23,584 logs.py LogsSave 10 DEBUG<->(3, 'CreateProcess', '系统找不到指定的路径。')
2019-06-04 11:24:23,584 logs.py LogsSave 10 DEBUG<->(3, 'CreateProcess', '系统找不到指定的路径。')
2019-06-04 11:24:23,584 logs.py LogsSave 10 DEBUG<->(3, 'CreateProcess', '系统找不到指定的路径。')
2019-06-04 11:24:23,584 logs.py LogsSave 10 DEBUG<->(3, 'CreateProcess', '系统找不到指定的路径。')
2019-06-04 11:24:23,585 logs.py LogsSave 10 DEBUG<->打开微信失败!
2019-06-04 11:24:23,585 logs.py LogsSave 10 DEBUG<->打开微信失败!
2019-06-04 11:24:23,585 logs.py LogsSave 10 DEBUG<->打开微信失败!
2019-06-04 11:24:23,585 logs.py LogsSave 10 DEBUG<->打开微信失败!
2019-06-04 11:24:23,585 logs.py LogsSave 10 DEBUG<->打开微信失败!
2019-06-04 11:24:23,585 logs.py LogsSave 10 DEBUG<->打开微信失败!
2019-06-04 11:24:23,585 logs.py LogsSave 10 DEBUG<->打开微信失败!
2019-06-04 11:24:23,585 logs.py LogsSave 10 DEBUG<->打开微信失败!
2019-06-04 11:24:23,585 logs.py LogsSave 10 DEBUG<->打开微信失败!
2019-06-04 11:24:23,585 logs.py LogsSave 10 DEBUG<->打开微信失败!
2019-06-04 11:24:23,585 logs.py LogsSave 10 DEBUG<->打开微信失败!
2019-06-04 11:24:23,585 logs.py LogsSave 10 DEBUG<->打开微信失败!
2019-06-04 11:24:23,585 logs.py LogsSave 10 DEBUG<->打开微信失败!
2019-06-04 14:10:09,433 logs.py LogsSave 10 DEBUG<->(1400, 'FindWindowEx', '无效的窗口句柄。')
2019-06-04 14:10:09,474 logs.py LogsSave 10 DEBUG<->保存搜索结果失败！
2019-06-04 15:31:22,106 logs.py LogsSave 10 DEBUG<->未找到360.exe的执行文件！
2019-06-04 15:31:22,106 logs.py LogsSave 10 DEBUG<->未找到360.exe的执行文件！
2019-06-04 15:32:51,016 logs.py LogsSave 10 DEBUG<->第一次未找到360.exe的执行文件！
2019-06-04 15:32:51,016 logs.py LogsSave 10 DEBUG<->第一次未找到360.exe的执行文件！
2019-06-04 15:57:12,480 logs.py LogsSave 10 DEBUG<->未输入百度搜索内容。
2019-06-04 15:57:12,480 logs.py LogsSave 10 DEBUG<->未输入百度搜索内容。
2019-06-04 15:57:12,480 logs.py LogsSave 10 DEBUG<->未输入百度搜索内容。
2019-06-04 15:57:12,480 logs.py LogsSave 10 DEBUG<->未输入百度搜索内容。
2019-06-04 15:57:12,480 logs.py LogsSave 10 DEBUG<->未输入百度搜索内容。
2019-06-04 15:57:12,480 logs.py LogsSave 10 DEBUG<->未输入百度搜索内容。
2019-06-04 15:57:12,480 logs.py LogsSave 10 DEBUG<->未输入百度搜索内容。
2019-06-04 15:57:13,807 logs.py LogsSave 10 DEBUG<->C:\Users的目录下内容包括:['All Users', 'AT', 'Default', 'Default User', 'desktop.ini', 'Public']
2019-06-04 15:57:13,807 logs.py LogsSave 10 DEBUG<->C:\Users的目录下内容包括:['All Users', 'AT', 'Default', 'Default User', 'desktop.ini', 'Public']
2019-06-04 15:57:13,807 logs.py LogsSave 10 DEBUG<->C:\Users的目录下内容包括:['All Users', 'AT', 'Default', 'Default User', 'desktop.ini', 'Public']
2019-06-04 15:57:13,807 logs.py LogsSave 10 DEBUG<->C:\Users的目录下内容包括:['All Users', 'AT', 'Default', 'Default User', 'desktop.ini', 'Public']
2019-06-04 15:57:13,807 logs.py LogsSave 10 DEBUG<->C:\Users的目录下内容包括:['All Users', 'AT', 'Default', 'Default User', 'desktop.ini', 'Public']
2019-06-04 15:57:13,807 logs.py LogsSave 10 DEBUG<->C:\Users的目录下内容包括:['All Users', 'AT', 'Default', 'Default User', 'desktop.ini', 'Public']
2019-06-04 15:57:13,807 logs.py LogsSave 10 DEBUG<->C:\Users的目录下内容包括:['All Users', 'AT', 'Default', 'Default User', 'desktop.ini', 'Public']
2019-06-04 15:57:13,807 logs.py LogsSave 10 DEBUG<->C:\Users的目录下内容包括:['All Users', 'AT', 'Default', 'Default User', 'desktop.ini', 'Public']
2019-06-04 15:57:13,807 logs.py LogsSave 10 DEBUG<->C:\Users的目录下内容包括:['All Users', 'AT', 'Default', 'Default User', 'desktop.ini', 'Public']
2019-06-04 15:57:19,221 logs.py LogsSave 10 DEBUG<->OrderedDict([('C盘使用率：', '78.2%'), ('C剩余空间：', '21GB'), ('D盘使用率：', '82.0%'), ('D剩余空间：', '48GB'), ('E盘使用率：', '91.1%'), ('E剩余空间：', '8GB')])
2019-06-04 15:57:19,221 logs.py LogsSave 10 DEBUG<->OrderedDict([('C盘使用率：', '78.2%'), ('C剩余空间：', '21GB'), ('D盘使用率：', '82.0%'), ('D剩余空间：', '48GB'), ('E盘使用率：', '91.1%'), ('E剩余空间：', '8GB')])
2019-06-04 15:57:19,221 logs.py LogsSave 10 DEBUG<->OrderedDict([('C盘使用率：', '78.2%'), ('C剩余空间：', '21GB'), ('D盘使用率：', '82.0%'), ('D剩余空间：', '48GB'), ('E盘使用率：', '91.1%'), ('E剩余空间：', '8GB')])
2019-06-04 15:57:19,221 logs.py LogsSave 10 DEBUG<->OrderedDict([('C盘使用率：', '78.2%'), ('C剩余空间：', '21GB'), ('D盘使用率：', '82.0%'), ('D剩余空间：', '48GB'), ('E盘使用率：', '91.1%'), ('E剩余空间：', '8GB')])
2019-06-04 15:57:19,221 logs.py LogsSave 10 DEBUG<->OrderedDict([('C盘使用率：', '78.2%'), ('C剩余空间：', '21GB'), ('D盘使用率：', '82.0%'), ('D剩余空间：', '48GB'), ('E盘使用率：', '91.1%'), ('E剩余空间：', '8GB')])
2019-06-04 15:57:19,221 logs.py LogsSave 10 DEBUG<->OrderedDict([('C盘使用率：', '78.2%'), ('C剩余空间：', '21GB'), ('D盘使用率：', '82.0%'), ('D剩余空间：', '48GB'), ('E盘使用率：', '91.1%'), ('E剩余空间：', '8GB')])
2019-06-04 15:57:19,221 logs.py LogsSave 10 DEBUG<->OrderedDict([('C盘使用率：', '78.2%'), ('C剩余空间：', '21GB'), ('D盘使用率：', '82.0%'), ('D剩余空间：', '48GB'), ('E盘使用率：', '91.1%'), ('E剩余空间：', '8GB')])
2019-06-04 15:57:19,221 logs.py LogsSave 10 DEBUG<->OrderedDict([('C盘使用率：', '78.2%'), ('C剩余空间：', '21GB'), ('D盘使用率：', '82.0%'), ('D剩余空间：', '48GB'), ('E盘使用率：', '91.1%'), ('E剩余空间：', '8GB')])
2019-06-04 15:57:19,221 logs.py LogsSave 10 DEBUG<->OrderedDict([('C盘使用率：', '78.2%'), ('C剩余空间：', '21GB'), ('D盘使用率：', '82.0%'), ('D剩余空间：', '48GB'), ('E盘使用率：', '91.1%'), ('E剩余空间：', '8GB')])
2019-06-04 15:57:51,691 logs.py LogsSave 10 DEBUG<->OrderedDict([('C盘使用率：', '78.2%'), ('C剩余空间：', '21GB'), ('D盘使用率：', '82.0%'), ('D剩余空间：', '48GB'), ('E盘使用率：', '91.1%'), ('E剩余空间：', '8GB')])
2019-06-04 15:57:51,691 logs.py LogsSave 10 DEBUG<->OrderedDict([('C盘使用率：', '78.2%'), ('C剩余空间：', '21GB'), ('D盘使用率：', '82.0%'), ('D剩余空间：', '48GB'), ('E盘使用率：', '91.1%'), ('E剩余空间：', '8GB')])
2019-06-04 15:57:51,691 logs.py LogsSave 10 DEBUG<->OrderedDict([('C盘使用率：', '78.2%'), ('C剩余空间：', '21GB'), ('D盘使用率：', '82.0%'), ('D剩余空间：', '48GB'), ('E盘使用率：', '91.1%'), ('E剩余空间：', '8GB')])
2019-06-04 15:57:51,691 logs.py LogsSave 10 DEBUG<->OrderedDict([('C盘使用率：', '78.2%'), ('C剩余空间：', '21GB'), ('D盘使用率：', '82.0%'), ('D剩余空间：', '48GB'), ('E盘使用率：', '91.1%'), ('E剩余空间：', '8GB')])
2019-06-04 15:57:51,691 logs.py LogsSave 10 DEBUG<->OrderedDict([('C盘使用率：', '78.2%'), ('C剩余空间：', '21GB'), ('D盘使用率：', '82.0%'), ('D剩余空间：', '48GB'), ('E盘使用率：', '91.1%'), ('E剩余空间：', '8GB')])
2019-06-04 15:57:51,691 logs.py LogsSave 10 DEBUG<->OrderedDict([('C盘使用率：', '78.2%'), ('C剩余空间：', '21GB'), ('D盘使用率：', '82.0%'), ('D剩余空间：', '48GB'), ('E盘使用率：', '91.1%'), ('E剩余空间：', '8GB')])
2019-06-04 15:57:51,691 logs.py LogsSave 10 DEBUG<->OrderedDict([('C盘使用率：', '78.2%'), ('C剩余空间：', '21GB'), ('D盘使用率：', '82.0%'), ('D剩余空间：', '48GB'), ('E盘使用率：', '91.1%'), ('E剩余空间：', '8GB')])
2019-06-04 15:58:02,402 logs.py LogsSave 10 DEBUG<->{'用户': 42768.53125, '系统': 75992.59375, '闲置': 1708225.0312499998, '使用率': '10.8%'}
2019-06-04 15:58:02,402 logs.py LogsSave 10 DEBUG<->{'用户': 42768.53125, '系统': 75992.59375, '闲置': 1708225.0312499998, '使用率': '10.8%'}
2019-06-04 15:58:02,402 logs.py LogsSave 10 DEBUG<->{'用户': 42768.53125, '系统': 75992.59375, '闲置': 1708225.0312499998, '使用率': '10.8%'}
2019-06-04 15:58:02,402 logs.py LogsSave 10 DEBUG<->{'用户': 42768.53125, '系统': 75992.59375, '闲置': 1708225.0312499998, '使用率': '10.8%'}
2019-06-04 15:58:02,402 logs.py LogsSave 10 DEBUG<->{'用户': 42768.53125, '系统': 75992.59375, '闲置': 1708225.0312499998, '使用率': '10.8%'}
2019-06-04 15:58:02,402 logs.py LogsSave 10 DEBUG<->{'用户': 42768.53125, '系统': 75992.59375, '闲置': 1708225.0312499998, '使用率': '10.8%'}
2019-06-04 15:58:02,402 logs.py LogsSave 10 DEBUG<->{'用户': 42768.53125, '系统': 75992.59375, '闲置': 1708225.0312499998, '使用率': '10.8%'}
2019-06-04 15:58:03,561 logs.py LogsSave 10 DEBUG<->{'总共': '8100MB', '可用': '1266MB', '使用率': '84.4%', '使用': '6834MB', '空闲': '1266MB'}
2019-06-04 15:58:03,561 logs.py LogsSave 10 DEBUG<->{'总共': '8100MB', '可用': '1266MB', '使用率': '84.4%', '使用': '6834MB', '空闲': '1266MB'}
2019-06-04 15:58:03,561 logs.py LogsSave 10 DEBUG<->{'总共': '8100MB', '可用': '1266MB', '使用率': '84.4%', '使用': '6834MB', '空闲': '1266MB'}
2019-06-04 15:58:03,561 logs.py LogsSave 10 DEBUG<->{'总共': '8100MB', '可用': '1266MB', '使用率': '84.4%', '使用': '6834MB', '空闲': '1266MB'}
2019-06-04 15:58:03,561 logs.py LogsSave 10 DEBUG<->{'总共': '8100MB', '可用': '1266MB', '使用率': '84.4%', '使用': '6834MB', '空闲': '1266MB'}
2019-06-04 15:58:03,561 logs.py LogsSave 10 DEBUG<->{'总共': '8100MB', '可用': '1266MB', '使用率': '84.4%', '使用': '6834MB', '空闲': '1266MB'}
2019-06-04 15:58:03,561 logs.py LogsSave 10 DEBUG<->{'总共': '8100MB', '可用': '1266MB', '使用率': '84.4%', '使用': '6834MB', '空闲': '1266MB'}
