2019-07-11 00:00:21,943 logs.py LogsSave 10 DEBUG<->【雅马哈 Yamaha R6YZF-R6摩托车报价】雅马哈 Yamaha R6YZF-R6...
2019-07-11 00:00:21,943 logs.py LogsSave 10 DEBUG<->【雅马哈 Yamaha R6YZF-R6摩托车报价】雅马哈 Yamaha R6YZF-R6...
2019-07-11 00:00:21,943 logs.py LogsSave 10 DEBUG<->【雅马哈 Yamaha R6YZF-R6摩托车报价】雅马哈 Yamaha R6YZF-R6...
2019-07-11 00:00:21,943 logs.py LogsSave 10 DEBUG<->【雅马哈 Yamaha R6YZF-R6摩托车报价】雅马哈 Yamaha R6YZF-R6...
2019-07-11 00:00:21,943 logs.py LogsSave 10 DEBUG<->【雅马哈 Yamaha R6YZF-R6摩托车报价】雅马哈 Yamaha R6YZF-R6...
2019-07-11 00:00:21,943 logs.py LogsSave 10 DEBUG<->【雅马哈 Yamaha R6YZF-R6摩托车报价】雅马哈 Yamaha R6YZF-R6...
2019-07-11 00:00:21,943 logs.py LogsSave 10 DEBUG<->【雅马哈 Yamaha R6YZF-R6摩托车报价】雅马哈 Yamaha R6YZF-R6...
2019-07-11 00:00:21,943 logs.py LogsSave 10 DEBUG<->【雅马哈 Yamaha R6YZF-R6摩托车报价】雅马哈 Yamaha R6YZF-R6...
2019-07-11 00:00:21,943 logs.py LogsSave 10 DEBUG<->【雅马哈 Yamaha R6YZF-R6摩托车报价】雅马哈 Yamaha R6YZF-R6...
2019-07-11 00:00:21,943 logs.py LogsSave 10 DEBUG<->【雅马哈 Yamaha R6YZF-R6摩托车报价】雅马哈 Yamaha R6YZF-R6...
2019-07-11 00:00:21,943 logs.py LogsSave 10 DEBUG<->【雅马哈 Yamaha R6YZF-R6摩托车报价】雅马哈 Yamaha R6YZF-R6...
2019-07-11 00:00:21,943 logs.py LogsSave 10 DEBUG<->【雅马哈 Yamaha R6YZF-R6摩托车报价】雅马哈 Yamaha R6YZF-R6...
2019-07-11 00:00:21,943 logs.py LogsSave 10 DEBUG<->【雅马哈 Yamaha R6YZF-R6摩托车报价】雅马哈 Yamaha R6YZF-R6...
2019-07-11 00:00:21,943 logs.py LogsSave 10 DEBUG<->【雅马哈 Yamaha R6YZF-R6摩托车报价】雅马哈 Yamaha R6YZF-R6...
2019-07-11 00:00:21,943 logs.py LogsSave 10 DEBUG<->【雅马哈 Yamaha R6YZF-R6摩托车报价】雅马哈 Yamaha R6YZF-R6...
2019-07-11 00:00:21,943 logs.py LogsSave 10 DEBUG<->【雅马哈 Yamaha R6YZF-R6摩托车报价】雅马哈 Yamaha R6YZF-R6...
2019-07-11 00:00:21,943 logs.py LogsSave 10 DEBUG<->【雅马哈 Yamaha R6YZF-R6摩托车报价】雅马哈 Yamaha R6YZF-R6...
2019-07-11 00:00:21,946 logs.py LogsSave 10 DEBUG<->雅马哈R6_百度百科
2019-07-11 00:00:21,946 logs.py LogsSave 10 DEBUG<->雅马哈R6_百度百科
2019-07-11 00:00:21,946 logs.py LogsSave 10 DEBUG<->雅马哈R6_百度百科
2019-07-11 00:00:21,946 logs.py LogsSave 10 DEBUG<->雅马哈R6_百度百科
2019-07-11 00:00:21,946 logs.py LogsSave 10 DEBUG<->雅马哈R6_百度百科
2019-07-11 00:00:21,946 logs.py LogsSave 10 DEBUG<->雅马哈R6_百度百科
2019-07-11 00:00:21,946 logs.py LogsSave 10 DEBUG<->雅马哈R6_百度百科
2019-07-11 00:00:21,946 logs.py LogsSave 10 DEBUG<->雅马哈R6_百度百科
2019-07-11 00:00:21,946 logs.py LogsSave 10 DEBUG<->雅马哈R6_百度百科
2019-07-11 00:00:21,946 logs.py LogsSave 10 DEBUG<->雅马哈R6_百度百科
2019-07-11 00:00:21,946 logs.py LogsSave 10 DEBUG<->雅马哈R6_百度百科
2019-07-11 00:00:21,946 logs.py LogsSave 10 DEBUG<->雅马哈R6_百度百科
2019-07-11 00:00:21,946 logs.py LogsSave 10 DEBUG<->雅马哈R6_百度百科
2019-07-11 00:00:21,946 logs.py LogsSave 10 DEBUG<->雅马哈R6_百度百科
2019-07-11 00:00:21,946 logs.py LogsSave 10 DEBUG<->雅马哈R6_百度百科
2019-07-11 00:00:21,946 logs.py LogsSave 10 DEBUG<->雅马哈R6_百度百科
2019-07-11 00:00:21,946 logs.py LogsSave 10 DEBUG<->雅马哈R6_百度百科
2019-07-11 00:00:21,946 logs.py LogsSave 10 DEBUG<->雅马哈R6_雅马哈摩托_雅马哈R6报价_雅马哈R6图片_摩托威
2019-07-11 00:00:21,946 logs.py LogsSave 10 DEBUG<->雅马哈R6_雅马哈摩托_雅马哈R6报价_雅马哈R6图片_摩托威
2019-07-11 00:00:21,946 logs.py LogsSave 10 DEBUG<->雅马哈R6_雅马哈摩托_雅马哈R6报价_雅马哈R6图片_摩托威
2019-07-11 00:00:21,946 logs.py LogsSave 10 DEBUG<->雅马哈R6_雅马哈摩托_雅马哈R6报价_雅马哈R6图片_摩托威
2019-07-11 00:00:21,946 logs.py LogsSave 10 DEBUG<->雅马哈R6_雅马哈摩托_雅马哈R6报价_雅马哈R6图片_摩托威
2019-07-11 00:00:21,946 logs.py LogsSave 10 DEBUG<->雅马哈R6_雅马哈摩托_雅马哈R6报价_雅马哈R6图片_摩托威
2019-07-11 00:00:21,946 logs.py LogsSave 10 DEBUG<->雅马哈R6_雅马哈摩托_雅马哈R6报价_雅马哈R6图片_摩托威
2019-07-11 00:00:21,946 logs.py LogsSave 10 DEBUG<->雅马哈R6_雅马哈摩托_雅马哈R6报价_雅马哈R6图片_摩托威
2019-07-11 00:00:21,946 logs.py LogsSave 10 DEBUG<->雅马哈R6_雅马哈摩托_雅马哈R6报价_雅马哈R6图片_摩托威
2019-07-11 00:00:21,946 logs.py LogsSave 10 DEBUG<->雅马哈R6_雅马哈摩托_雅马哈R6报价_雅马哈R6图片_摩托威
2019-07-11 00:00:21,946 logs.py LogsSave 10 DEBUG<->雅马哈R6_雅马哈摩托_雅马哈R6报价_雅马哈R6图片_摩托威
2019-07-11 00:00:21,946 logs.py LogsSave 10 DEBUG<->雅马哈R6_雅马哈摩托_雅马哈R6报价_雅马哈R6图片_摩托威
2019-07-11 00:00:21,946 logs.py LogsSave 10 DEBUG<->雅马哈R6_雅马哈摩托_雅马哈R6报价_雅马哈R6图片_摩托威
2019-07-11 00:00:21,946 logs.py LogsSave 10 DEBUG<->雅马哈R6_雅马哈摩托_雅马哈R6报价_雅马哈R6图片_摩托威
2019-07-11 00:00:21,946 logs.py LogsSave 10 DEBUG<->雅马哈R6_雅马哈摩托_雅马哈R6报价_雅马哈R6图片_摩托威
2019-07-11 00:00:21,946 logs.py LogsSave 10 DEBUG<->雅马哈R6_雅马哈摩托_雅马哈R6报价_雅马哈R6图片_摩托威
2019-07-11 00:00:21,946 logs.py LogsSave 10 DEBUG<->雅马哈R6_雅马哈摩托_雅马哈R6报价_雅马哈R6图片_摩托威
2019-07-11 00:00:21,947 logs.py LogsSave 10 DEBUG<->
雅马哈R6_视频大全_高清在线观看

2019-07-11 00:00:21,947 logs.py LogsSave 10 DEBUG<->
雅马哈R6_视频大全_高清在线观看

2019-07-11 00:00:21,947 logs.py LogsSave 10 DEBUG<->
雅马哈R6_视频大全_高清在线观看

2019-07-11 00:00:21,947 logs.py LogsSave 10 DEBUG<->
雅马哈R6_视频大全_高清在线观看

2019-07-11 00:00:21,947 logs.py LogsSave 10 DEBUG<->
雅马哈R6_视频大全_高清在线观看

2019-07-11 00:00:21,947 logs.py LogsSave 10 DEBUG<->
雅马哈R6_视频大全_高清在线观看

2019-07-11 00:00:21,947 logs.py LogsSave 10 DEBUG<->
雅马哈R6_视频大全_高清在线观看

2019-07-11 00:00:21,947 logs.py LogsSave 10 DEBUG<->
雅马哈R6_视频大全_高清在线观看

2019-07-11 00:00:21,947 logs.py LogsSave 10 DEBUG<->
雅马哈R6_视频大全_高清在线观看

2019-07-11 00:00:21,947 logs.py LogsSave 10 DEBUG<->
雅马哈R6_视频大全_高清在线观看

2019-07-11 00:00:21,947 logs.py LogsSave 10 DEBUG<->
雅马哈R6_视频大全_高清在线观看

2019-07-11 00:00:21,947 logs.py LogsSave 10 DEBUG<->
雅马哈R6_视频大全_高清在线观看

2019-07-11 00:00:21,947 logs.py LogsSave 10 DEBUG<->
雅马哈R6_视频大全_高清在线观看

2019-07-11 00:00:21,947 logs.py LogsSave 10 DEBUG<->
雅马哈R6_视频大全_高清在线观看

2019-07-11 00:00:21,947 logs.py LogsSave 10 DEBUG<->
雅马哈R6_视频大全_高清在线观看

2019-07-11 00:00:21,947 logs.py LogsSave 10 DEBUG<->
雅马哈R6_视频大全_高清在线观看

2019-07-11 00:00:21,947 logs.py LogsSave 10 DEBUG<->
雅马哈R6_视频大全_高清在线观看

2019-07-11 00:00:21,947 logs.py LogsSave 10 DEBUG<->雅马哈R6_【重庆市二手摩托车】 - 牛摩网
2019-07-11 00:00:21,947 logs.py LogsSave 10 DEBUG<->雅马哈R6_【重庆市二手摩托车】 - 牛摩网
2019-07-11 00:00:21,947 logs.py LogsSave 10 DEBUG<->雅马哈R6_【重庆市二手摩托车】 - 牛摩网
2019-07-11 00:00:21,947 logs.py LogsSave 10 DEBUG<->雅马哈R6_【重庆市二手摩托车】 - 牛摩网
2019-07-11 00:00:21,947 logs.py LogsSave 10 DEBUG<->雅马哈R6_【重庆市二手摩托车】 - 牛摩网
2019-07-11 00:00:21,947 logs.py LogsSave 10 DEBUG<->雅马哈R6_【重庆市二手摩托车】 - 牛摩网
2019-07-11 00:00:21,947 logs.py LogsSave 10 DEBUG<->雅马哈R6_【重庆市二手摩托车】 - 牛摩网
2019-07-11 00:00:21,947 logs.py LogsSave 10 DEBUG<->雅马哈R6_【重庆市二手摩托车】 - 牛摩网
2019-07-11 00:00:21,947 logs.py LogsSave 10 DEBUG<->雅马哈R6_【重庆市二手摩托车】 - 牛摩网
2019-07-11 00:00:21,947 logs.py LogsSave 10 DEBUG<->雅马哈R6_【重庆市二手摩托车】 - 牛摩网
2019-07-11 00:00:21,947 logs.py LogsSave 10 DEBUG<->雅马哈R6_【重庆市二手摩托车】 - 牛摩网
2019-07-11 00:00:21,947 logs.py LogsSave 10 DEBUG<->雅马哈R6_【重庆市二手摩托车】 - 牛摩网
2019-07-11 00:00:21,947 logs.py LogsSave 10 DEBUG<->雅马哈R6_【重庆市二手摩托车】 - 牛摩网
2019-07-11 00:00:21,947 logs.py LogsSave 10 DEBUG<->雅马哈R6_【重庆市二手摩托车】 - 牛摩网
2019-07-11 00:00:21,947 logs.py LogsSave 10 DEBUG<->雅马哈R6_【重庆市二手摩托车】 - 牛摩网
2019-07-11 00:00:21,947 logs.py LogsSave 10 DEBUG<->雅马哈R6_【重庆市二手摩托车】 - 牛摩网
2019-07-11 00:00:21,947 logs.py LogsSave 10 DEBUG<->雅马哈R6_【重庆市二手摩托车】 - 牛摩网
2019-07-11 00:00:21,948 logs.py LogsSave 10 DEBUG<->【雅马哈 Yamaha R6YZF-R6】报价_参数_图片_评测_论坛_雅..._牛摩网
2019-07-11 00:00:21,948 logs.py LogsSave 10 DEBUG<->【雅马哈 Yamaha R6YZF-R6】报价_参数_图片_评测_论坛_雅..._牛摩网
2019-07-11 00:00:21,948 logs.py LogsSave 10 DEBUG<->【雅马哈 Yamaha R6YZF-R6】报价_参数_图片_评测_论坛_雅..._牛摩网
2019-07-11 00:00:21,948 logs.py LogsSave 10 DEBUG<->【雅马哈 Yamaha R6YZF-R6】报价_参数_图片_评测_论坛_雅..._牛摩网
2019-07-11 00:00:21,948 logs.py LogsSave 10 DEBUG<->【雅马哈 Yamaha R6YZF-R6】报价_参数_图片_评测_论坛_雅..._牛摩网
2019-07-11 00:00:21,948 logs.py LogsSave 10 DEBUG<->【雅马哈 Yamaha R6YZF-R6】报价_参数_图片_评测_论坛_雅..._牛摩网
2019-07-11 00:00:21,948 logs.py LogsSave 10 DEBUG<->【雅马哈 Yamaha R6YZF-R6】报价_参数_图片_评测_论坛_雅..._牛摩网
2019-07-11 00:00:21,948 logs.py LogsSave 10 DEBUG<->【雅马哈 Yamaha R6YZF-R6】报价_参数_图片_评测_论坛_雅..._牛摩网
2019-07-11 00:00:21,948 logs.py LogsSave 10 DEBUG<->【雅马哈 Yamaha R6YZF-R6】报价_参数_图片_评测_论坛_雅..._牛摩网
2019-07-11 00:00:21,948 logs.py LogsSave 10 DEBUG<->【雅马哈 Yamaha R6YZF-R6】报价_参数_图片_评测_论坛_雅..._牛摩网
2019-07-11 00:00:21,948 logs.py LogsSave 10 DEBUG<->【雅马哈 Yamaha R6YZF-R6】报价_参数_图片_评测_论坛_雅..._牛摩网
2019-07-11 00:00:21,948 logs.py LogsSave 10 DEBUG<->【雅马哈 Yamaha R6YZF-R6】报价_参数_图片_评测_论坛_雅..._牛摩网
2019-07-11 00:00:21,948 logs.py LogsSave 10 DEBUG<->【雅马哈 Yamaha R6YZF-R6】报价_参数_图片_评测_论坛_雅..._牛摩网
2019-07-11 00:00:21,948 logs.py LogsSave 10 DEBUG<->【雅马哈 Yamaha R6YZF-R6】报价_参数_图片_评测_论坛_雅..._牛摩网
2019-07-11 00:00:21,948 logs.py LogsSave 10 DEBUG<->【雅马哈 Yamaha R6YZF-R6】报价_参数_图片_评测_论坛_雅..._牛摩网
2019-07-11 00:00:21,948 logs.py LogsSave 10 DEBUG<->【雅马哈 Yamaha R6YZF-R6】报价_参数_图片_评测_论坛_雅..._牛摩网
2019-07-11 00:00:21,948 logs.py LogsSave 10 DEBUG<->【雅马哈 Yamaha R6YZF-R6】报价_参数_图片_评测_论坛_雅..._牛摩网
2019-07-11 00:00:21,948 logs.py LogsSave 10 DEBUG<->雅马哈R6开箱-汽车-高清正版视频在线观看–爱奇艺
2019-07-11 00:00:21,948 logs.py LogsSave 10 DEBUG<->雅马哈R6开箱-汽车-高清正版视频在线观看–爱奇艺
2019-07-11 00:00:21,948 logs.py LogsSave 10 DEBUG<->雅马哈R6开箱-汽车-高清正版视频在线观看–爱奇艺
2019-07-11 00:00:21,948 logs.py LogsSave 10 DEBUG<->雅马哈R6开箱-汽车-高清正版视频在线观看–爱奇艺
2019-07-11 00:00:21,948 logs.py LogsSave 10 DEBUG<->雅马哈R6开箱-汽车-高清正版视频在线观看–爱奇艺
2019-07-11 00:00:21,948 logs.py LogsSave 10 DEBUG<->雅马哈R6开箱-汽车-高清正版视频在线观看–爱奇艺
2019-07-11 00:00:21,948 logs.py LogsSave 10 DEBUG<->雅马哈R6开箱-汽车-高清正版视频在线观看–爱奇艺
2019-07-11 00:00:21,948 logs.py LogsSave 10 DEBUG<->雅马哈R6开箱-汽车-高清正版视频在线观看–爱奇艺
2019-07-11 00:00:21,948 logs.py LogsSave 10 DEBUG<->雅马哈R6开箱-汽车-高清正版视频在线观看–爱奇艺
2019-07-11 00:00:21,948 logs.py LogsSave 10 DEBUG<->雅马哈R6开箱-汽车-高清正版视频在线观看–爱奇艺
2019-07-11 00:00:21,948 logs.py LogsSave 10 DEBUG<->雅马哈R6开箱-汽车-高清正版视频在线观看–爱奇艺
2019-07-11 00:00:21,948 logs.py LogsSave 10 DEBUG<->雅马哈R6开箱-汽车-高清正版视频在线观看–爱奇艺
2019-07-11 00:00:21,948 logs.py LogsSave 10 DEBUG<->雅马哈R6开箱-汽车-高清正版视频在线观看–爱奇艺
2019-07-11 00:00:21,948 logs.py LogsSave 10 DEBUG<->雅马哈R6开箱-汽车-高清正版视频在线观看–爱奇艺
2019-07-11 00:00:21,948 logs.py LogsSave 10 DEBUG<->雅马哈R6开箱-汽车-高清正版视频在线观看–爱奇艺
2019-07-11 00:00:21,948 logs.py LogsSave 10 DEBUG<->雅马哈R6开箱-汽车-高清正版视频在线观看–爱奇艺
2019-07-11 00:00:21,948 logs.py LogsSave 10 DEBUG<->雅马哈R6开箱-汽车-高清正版视频在线观看–爱奇艺
2019-07-11 00:00:21,949 logs.py LogsSave 10 DEBUG<->雅马哈R1和R6的区别??_百度知道
2019-07-11 00:00:21,949 logs.py LogsSave 10 DEBUG<->雅马哈R1和R6的区别??_百度知道
2019-07-11 00:00:21,949 logs.py LogsSave 10 DEBUG<->雅马哈R1和R6的区别??_百度知道
2019-07-11 00:00:21,949 logs.py LogsSave 10 DEBUG<->雅马哈R1和R6的区别??_百度知道
2019-07-11 00:00:21,949 logs.py LogsSave 10 DEBUG<->雅马哈R1和R6的区别??_百度知道
2019-07-11 00:00:21,949 logs.py LogsSave 10 DEBUG<->雅马哈R1和R6的区别??_百度知道
2019-07-11 00:00:21,949 logs.py LogsSave 10 DEBUG<->雅马哈R1和R6的区别??_百度知道
2019-07-11 00:00:21,949 logs.py LogsSave 10 DEBUG<->雅马哈R1和R6的区别??_百度知道
2019-07-11 00:00:21,949 logs.py LogsSave 10 DEBUG<->雅马哈R1和R6的区别??_百度知道
2019-07-11 00:00:21,949 logs.py LogsSave 10 DEBUG<->雅马哈R1和R6的区别??_百度知道
2019-07-11 00:00:21,949 logs.py LogsSave 10 DEBUG<->雅马哈R1和R6的区别??_百度知道
2019-07-11 00:00:21,949 logs.py LogsSave 10 DEBUG<->雅马哈R1和R6的区别??_百度知道
2019-07-11 00:00:21,949 logs.py LogsSave 10 DEBUG<->雅马哈R1和R6的区别??_百度知道
2019-07-11 00:00:21,949 logs.py LogsSave 10 DEBUG<->雅马哈R1和R6的区别??_百度知道
2019-07-11 00:00:21,949 logs.py LogsSave 10 DEBUG<->雅马哈R1和R6的区别??_百度知道
2019-07-11 00:00:21,949 logs.py LogsSave 10 DEBUG<->雅马哈R1和R6的区别??_百度知道
2019-07-11 00:00:21,949 logs.py LogsSave 10 DEBUG<->雅马哈R1和R6的区别??_百度知道
2019-07-11 00:00:21,949 logs.py LogsSave 10 DEBUG<->雅马哈R6-雅马哈R6品牌、图片、排行榜 - 阿里巴巴
2019-07-11 00:00:21,949 logs.py LogsSave 10 DEBUG<->雅马哈R6-雅马哈R6品牌、图片、排行榜 - 阿里巴巴
2019-07-11 00:00:21,949 logs.py LogsSave 10 DEBUG<->雅马哈R6-雅马哈R6品牌、图片、排行榜 - 阿里巴巴
2019-07-11 00:00:21,949 logs.py LogsSave 10 DEBUG<->雅马哈R6-雅马哈R6品牌、图片、排行榜 - 阿里巴巴
2019-07-11 00:00:21,949 logs.py LogsSave 10 DEBUG<->雅马哈R6-雅马哈R6品牌、图片、排行榜 - 阿里巴巴
2019-07-11 00:00:21,949 logs.py LogsSave 10 DEBUG<->雅马哈R6-雅马哈R6品牌、图片、排行榜 - 阿里巴巴
2019-07-11 00:00:21,949 logs.py LogsSave 10 DEBUG<->雅马哈R6-雅马哈R6品牌、图片、排行榜 - 阿里巴巴
2019-07-11 00:00:21,949 logs.py LogsSave 10 DEBUG<->雅马哈R6-雅马哈R6品牌、图片、排行榜 - 阿里巴巴
2019-07-11 00:00:21,949 logs.py LogsSave 10 DEBUG<->雅马哈R6-雅马哈R6品牌、图片、排行榜 - 阿里巴巴
2019-07-11 00:00:21,949 logs.py LogsSave 10 DEBUG<->雅马哈R6-雅马哈R6品牌、图片、排行榜 - 阿里巴巴
2019-07-11 00:00:21,949 logs.py LogsSave 10 DEBUG<->雅马哈R6-雅马哈R6品牌、图片、排行榜 - 阿里巴巴
2019-07-11 00:00:21,949 logs.py LogsSave 10 DEBUG<->雅马哈R6-雅马哈R6品牌、图片、排行榜 - 阿里巴巴
2019-07-11 00:00:21,949 logs.py LogsSave 10 DEBUG<->雅马哈R6-雅马哈R6品牌、图片、排行榜 - 阿里巴巴
2019-07-11 00:00:21,949 logs.py LogsSave 10 DEBUG<->雅马哈R6-雅马哈R6品牌、图片、排行榜 - 阿里巴巴
2019-07-11 00:00:21,949 logs.py LogsSave 10 DEBUG<->雅马哈R6-雅马哈R6品牌、图片、排行榜 - 阿里巴巴
2019-07-11 00:00:21,949 logs.py LogsSave 10 DEBUG<->雅马哈R6-雅马哈R6品牌、图片、排行榜 - 阿里巴巴
2019-07-11 00:00:21,949 logs.py LogsSave 10 DEBUG<->雅马哈R6-雅马哈R6品牌、图片、排行榜 - 阿里巴巴
2019-07-11 00:00:21,950 logs.py LogsSave 10 DEBUG<->雅马哈r6吧_百度贴吧
2019-07-11 00:00:21,950 logs.py LogsSave 10 DEBUG<->雅马哈r6吧_百度贴吧
2019-07-11 00:00:21,950 logs.py LogsSave 10 DEBUG<->雅马哈r6吧_百度贴吧
2019-07-11 00:00:21,950 logs.py LogsSave 10 DEBUG<->雅马哈r6吧_百度贴吧
2019-07-11 00:00:21,950 logs.py LogsSave 10 DEBUG<->雅马哈r6吧_百度贴吧
2019-07-11 00:00:21,950 logs.py LogsSave 10 DEBUG<->雅马哈r6吧_百度贴吧
2019-07-11 00:00:21,950 logs.py LogsSave 10 DEBUG<->雅马哈r6吧_百度贴吧
2019-07-11 00:00:21,950 logs.py LogsSave 10 DEBUG<->雅马哈r6吧_百度贴吧
2019-07-11 00:00:21,950 logs.py LogsSave 10 DEBUG<->雅马哈r6吧_百度贴吧
2019-07-11 00:00:21,950 logs.py LogsSave 10 DEBUG<->雅马哈r6吧_百度贴吧
2019-07-11 00:00:21,950 logs.py LogsSave 10 DEBUG<->雅马哈r6吧_百度贴吧
2019-07-11 00:00:21,950 logs.py LogsSave 10 DEBUG<->雅马哈r6吧_百度贴吧
2019-07-11 00:00:21,950 logs.py LogsSave 10 DEBUG<->雅马哈r6吧_百度贴吧
2019-07-11 00:00:21,950 logs.py LogsSave 10 DEBUG<->雅马哈r6吧_百度贴吧
2019-07-11 00:00:21,950 logs.py LogsSave 10 DEBUG<->雅马哈r6吧_百度贴吧
2019-07-11 00:00:21,950 logs.py LogsSave 10 DEBUG<->雅马哈r6吧_百度贴吧
2019-07-11 00:00:21,950 logs.py LogsSave 10 DEBUG<->雅马哈r6吧_百度贴吧
2019-07-11 00:00:23,087 logs.py LogsSave 10 DEBUG<->【图】雅马哈 YamahaR6YZF-R6整车 - 牛摩网
2019-07-11 00:00:23,087 logs.py LogsSave 10 DEBUG<->【图】雅马哈 YamahaR6YZF-R6整车 - 牛摩网
2019-07-11 00:00:23,087 logs.py LogsSave 10 DEBUG<->【图】雅马哈 YamahaR6YZF-R6整车 - 牛摩网
2019-07-11 00:00:23,087 logs.py LogsSave 10 DEBUG<->【图】雅马哈 YamahaR6YZF-R6整车 - 牛摩网
2019-07-11 00:00:23,087 logs.py LogsSave 10 DEBUG<->【图】雅马哈 YamahaR6YZF-R6整车 - 牛摩网
2019-07-11 00:00:23,087 logs.py LogsSave 10 DEBUG<->【图】雅马哈 YamahaR6YZF-R6整车 - 牛摩网
2019-07-11 00:00:23,087 logs.py LogsSave 10 DEBUG<->【图】雅马哈 YamahaR6YZF-R6整车 - 牛摩网
2019-07-11 00:00:23,087 logs.py LogsSave 10 DEBUG<->【图】雅马哈 YamahaR6YZF-R6整车 - 牛摩网
2019-07-11 00:00:23,087 logs.py LogsSave 10 DEBUG<->【图】雅马哈 YamahaR6YZF-R6整车 - 牛摩网
2019-07-11 00:00:23,087 logs.py LogsSave 10 DEBUG<->【图】雅马哈 YamahaR6YZF-R6整车 - 牛摩网
2019-07-11 00:00:23,087 logs.py LogsSave 10 DEBUG<->【图】雅马哈 YamahaR6YZF-R6整车 - 牛摩网
2019-07-11 00:00:23,087 logs.py LogsSave 10 DEBUG<->【图】雅马哈 YamahaR6YZF-R6整车 - 牛摩网
2019-07-11 00:00:23,087 logs.py LogsSave 10 DEBUG<->【图】雅马哈 YamahaR6YZF-R6整车 - 牛摩网
2019-07-11 00:00:23,087 logs.py LogsSave 10 DEBUG<->【图】雅马哈 YamahaR6YZF-R6整车 - 牛摩网
2019-07-11 00:00:23,087 logs.py LogsSave 10 DEBUG<->【图】雅马哈 YamahaR6YZF-R6整车 - 牛摩网
2019-07-11 00:00:23,087 logs.py LogsSave 10 DEBUG<->【图】雅马哈 YamahaR6YZF-R6整车 - 牛摩网
2019-07-11 00:00:23,087 logs.py LogsSave 10 DEBUG<->【图】雅马哈 YamahaR6YZF-R6整车 - 牛摩网
2019-07-11 00:00:23,088 logs.py LogsSave 10 DEBUG<->【图】雅马哈 YamahaR6YZF-R6整车 - 牛摩网
2019-07-11 00:00:23,088 logs.py LogsSave 10 DEBUG<->【图】雅马哈 YamahaR6YZF-R6整车 - 牛摩网
2019-07-11 00:00:23,088 logs.py LogsSave 10 DEBUG<->【图】雅马哈 YamahaR6YZF-R6整车 - 牛摩网
2019-07-11 00:00:23,088 logs.py LogsSave 10 DEBUG<->【图】雅马哈 YamahaR6YZF-R6整车 - 牛摩网
2019-07-11 00:00:23,088 logs.py LogsSave 10 DEBUG<->【图】雅马哈 YamahaR6YZF-R6整车 - 牛摩网
2019-07-11 00:00:23,088 logs.py LogsSave 10 DEBUG<->【图】雅马哈 YamahaR6YZF-R6整车 - 牛摩网
2019-07-11 00:00:23,088 logs.py LogsSave 10 DEBUG<->【图】雅马哈 YamahaR6YZF-R6整车 - 牛摩网
2019-07-11 00:00:23,088 logs.py LogsSave 10 DEBUG<->【图】雅马哈 YamahaR6YZF-R6整车 - 牛摩网
2019-07-11 00:00:23,088 logs.py LogsSave 10 DEBUG<->【图】雅马哈 YamahaR6YZF-R6整车 - 牛摩网
2019-07-11 00:00:23,088 logs.py LogsSave 10 DEBUG<->【图】雅马哈 YamahaR6YZF-R6整车 - 牛摩网
2019-07-11 00:00:23,088 logs.py LogsSave 10 DEBUG<->【图】雅马哈 YamahaR6YZF-R6整车 - 牛摩网
2019-07-11 00:00:23,088 logs.py LogsSave 10 DEBUG<->【图】雅马哈 YamahaR6YZF-R6整车 - 牛摩网
2019-07-11 00:00:23,088 logs.py LogsSave 10 DEBUG<->【图】雅马哈 YamahaR6YZF-R6整车 - 牛摩网
2019-07-11 00:00:23,088 logs.py LogsSave 10 DEBUG<->【图】雅马哈 YamahaR6YZF-R6整车 - 牛摩网
2019-07-11 00:00:23,088 logs.py LogsSave 10 DEBUG<->【图】雅马哈 YamahaR6YZF-R6整车 - 牛摩网
2019-07-11 00:00:23,088 logs.py LogsSave 10 DEBUG<->【图】雅马哈 YamahaR6YZF-R6整车 - 牛摩网
2019-07-11 00:00:23,088 logs.py LogsSave 10 DEBUG<->【图】雅马哈 YamahaR6YZF-R6整车 - 牛摩网
2019-07-11 00:00:23,088 logs.py LogsSave 10 DEBUG<->#新浪看点# 19万雅马哈R6现街头,129匹马力... 来自柠檬论车 - 微博
2019-07-11 00:00:23,088 logs.py LogsSave 10 DEBUG<->#新浪看点# 19万雅马哈R6现街头,129匹马力... 来自柠檬论车 - 微博
2019-07-11 00:00:23,088 logs.py LogsSave 10 DEBUG<->#新浪看点# 19万雅马哈R6现街头,129匹马力... 来自柠檬论车 - 微博
2019-07-11 00:00:23,088 logs.py LogsSave 10 DEBUG<->#新浪看点# 19万雅马哈R6现街头,129匹马力... 来自柠檬论车 - 微博
2019-07-11 00:00:23,088 logs.py LogsSave 10 DEBUG<->#新浪看点# 19万雅马哈R6现街头,129匹马力... 来自柠檬论车 - 微博
2019-07-11 00:00:23,088 logs.py LogsSave 10 DEBUG<->#新浪看点# 19万雅马哈R6现街头,129匹马力... 来自柠檬论车 - 微博
2019-07-11 00:00:23,088 logs.py LogsSave 10 DEBUG<->#新浪看点# 19万雅马哈R6现街头,129匹马力... 来自柠檬论车 - 微博
2019-07-11 00:00:23,088 logs.py LogsSave 10 DEBUG<->#新浪看点# 19万雅马哈R6现街头,129匹马力... 来自柠檬论车 - 微博
2019-07-11 00:00:23,088 logs.py LogsSave 10 DEBUG<->#新浪看点# 19万雅马哈R6现街头,129匹马力... 来自柠檬论车 - 微博
2019-07-11 00:00:23,088 logs.py LogsSave 10 DEBUG<->#新浪看点# 19万雅马哈R6现街头,129匹马力... 来自柠檬论车 - 微博
2019-07-11 00:00:23,088 logs.py LogsSave 10 DEBUG<->#新浪看点# 19万雅马哈R6现街头,129匹马力... 来自柠檬论车 - 微博
2019-07-11 00:00:23,088 logs.py LogsSave 10 DEBUG<->#新浪看点# 19万雅马哈R6现街头,129匹马力... 来自柠檬论车 - 微博
2019-07-11 00:00:23,088 logs.py LogsSave 10 DEBUG<->#新浪看点# 19万雅马哈R6现街头,129匹马力... 来自柠檬论车 - 微博
2019-07-11 00:00:23,088 logs.py LogsSave 10 DEBUG<->#新浪看点# 19万雅马哈R6现街头,129匹马力... 来自柠檬论车 - 微博
2019-07-11 00:00:23,088 logs.py LogsSave 10 DEBUG<->#新浪看点# 19万雅马哈R6现街头,129匹马力... 来自柠檬论车 - 微博
2019-07-11 00:00:23,088 logs.py LogsSave 10 DEBUG<->#新浪看点# 19万雅马哈R6现街头,129匹马力... 来自柠檬论车 - 微博
2019-07-11 00:00:23,088 logs.py LogsSave 10 DEBUG<->#新浪看点# 19万雅马哈R6现街头,129匹马力... 来自柠檬论车 - 微博
2019-07-11 00:00:23,089 logs.py LogsSave 10 DEBUG<->【雅马哈 Yamaha R6YZF-R6摩托车图片】雅马哈 Yamaha R6YZF-R6...
2019-07-11 00:00:23,089 logs.py LogsSave 10 DEBUG<->【雅马哈 Yamaha R6YZF-R6摩托车图片】雅马哈 Yamaha R6YZF-R6...
2019-07-11 00:00:23,089 logs.py LogsSave 10 DEBUG<->【雅马哈 Yamaha R6YZF-R6摩托车图片】雅马哈 Yamaha R6YZF-R6...
2019-07-11 00:00:23,089 logs.py LogsSave 10 DEBUG<->【雅马哈 Yamaha R6YZF-R6摩托车图片】雅马哈 Yamaha R6YZF-R6...
2019-07-11 00:00:23,089 logs.py LogsSave 10 DEBUG<->【雅马哈 Yamaha R6YZF-R6摩托车图片】雅马哈 Yamaha R6YZF-R6...
2019-07-11 00:00:23,089 logs.py LogsSave 10 DEBUG<->【雅马哈 Yamaha R6YZF-R6摩托车图片】雅马哈 Yamaha R6YZF-R6...
2019-07-11 00:00:23,089 logs.py LogsSave 10 DEBUG<->【雅马哈 Yamaha R6YZF-R6摩托车图片】雅马哈 Yamaha R6YZF-R6...
2019-07-11 00:00:23,089 logs.py LogsSave 10 DEBUG<->【雅马哈 Yamaha R6YZF-R6摩托车图片】雅马哈 Yamaha R6YZF-R6...
2019-07-11 00:00:23,089 logs.py LogsSave 10 DEBUG<->【雅马哈 Yamaha R6YZF-R6摩托车图片】雅马哈 Yamaha R6YZF-R6...
2019-07-11 00:00:23,089 logs.py LogsSave 10 DEBUG<->【雅马哈 Yamaha R6YZF-R6摩托车图片】雅马哈 Yamaha R6YZF-R6...
2019-07-11 00:00:23,089 logs.py LogsSave 10 DEBUG<->【雅马哈 Yamaha R6YZF-R6摩托车图片】雅马哈 Yamaha R6YZF-R6...
2019-07-11 00:00:23,089 logs.py LogsSave 10 DEBUG<->【雅马哈 Yamaha R6YZF-R6摩托车图片】雅马哈 Yamaha R6YZF-R6...
2019-07-11 00:00:23,089 logs.py LogsSave 10 DEBUG<->【雅马哈 Yamaha R6YZF-R6摩托车图片】雅马哈 Yamaha R6YZF-R6...
2019-07-11 00:00:23,089 logs.py LogsSave 10 DEBUG<->【雅马哈 Yamaha R6YZF-R6摩托车图片】雅马哈 Yamaha R6YZF-R6...
2019-07-11 00:00:23,089 logs.py LogsSave 10 DEBUG<->【雅马哈 Yamaha R6YZF-R6摩托车图片】雅马哈 Yamaha R6YZF-R6...
2019-07-11 00:00:23,089 logs.py LogsSave 10 DEBUG<->【雅马哈 Yamaha R6YZF-R6摩托车图片】雅马哈 Yamaha R6YZF-R6...
2019-07-11 00:00:23,089 logs.py LogsSave 10 DEBUG<->【雅马哈 Yamaha R6YZF-R6摩托车图片】雅马哈 Yamaha R6YZF-R6...
2019-07-11 00:00:23,089 logs.py LogsSave 10 DEBUG<->雅马哈R6 - 北京摩友交流区 - 摩托车论坛 - 中国摩托迷网 将摩旅...
2019-07-11 00:00:23,089 logs.py LogsSave 10 DEBUG<->雅马哈R6 - 北京摩友交流区 - 摩托车论坛 - 中国摩托迷网 将摩旅...
2019-07-11 00:00:23,089 logs.py LogsSave 10 DEBUG<->雅马哈R6 - 北京摩友交流区 - 摩托车论坛 - 中国摩托迷网 将摩旅...
2019-07-11 00:00:23,089 logs.py LogsSave 10 DEBUG<->雅马哈R6 - 北京摩友交流区 - 摩托车论坛 - 中国摩托迷网 将摩旅...
2019-07-11 00:00:23,089 logs.py LogsSave 10 DEBUG<->雅马哈R6 - 北京摩友交流区 - 摩托车论坛 - 中国摩托迷网 将摩旅...
2019-07-11 00:00:23,089 logs.py LogsSave 10 DEBUG<->雅马哈R6 - 北京摩友交流区 - 摩托车论坛 - 中国摩托迷网 将摩旅...
2019-07-11 00:00:23,089 logs.py LogsSave 10 DEBUG<->雅马哈R6 - 北京摩友交流区 - 摩托车论坛 - 中国摩托迷网 将摩旅...
2019-07-11 00:00:23,089 logs.py LogsSave 10 DEBUG<->雅马哈R6 - 北京摩友交流区 - 摩托车论坛 - 中国摩托迷网 将摩旅...
2019-07-11 00:00:23,089 logs.py LogsSave 10 DEBUG<->雅马哈R6 - 北京摩友交流区 - 摩托车论坛 - 中国摩托迷网 将摩旅...
2019-07-11 00:00:23,089 logs.py LogsSave 10 DEBUG<->雅马哈R6 - 北京摩友交流区 - 摩托车论坛 - 中国摩托迷网 将摩旅...
2019-07-11 00:00:23,089 logs.py LogsSave 10 DEBUG<->雅马哈R6 - 北京摩友交流区 - 摩托车论坛 - 中国摩托迷网 将摩旅...
2019-07-11 00:00:23,089 logs.py LogsSave 10 DEBUG<->雅马哈R6 - 北京摩友交流区 - 摩托车论坛 - 中国摩托迷网 将摩旅...
2019-07-11 00:00:23,089 logs.py LogsSave 10 DEBUG<->雅马哈R6 - 北京摩友交流区 - 摩托车论坛 - 中国摩托迷网 将摩旅...
2019-07-11 00:00:23,089 logs.py LogsSave 10 DEBUG<->雅马哈R6 - 北京摩友交流区 - 摩托车论坛 - 中国摩托迷网 将摩旅...
2019-07-11 00:00:23,089 logs.py LogsSave 10 DEBUG<->雅马哈R6 - 北京摩友交流区 - 摩托车论坛 - 中国摩托迷网 将摩旅...
2019-07-11 00:00:23,089 logs.py LogsSave 10 DEBUG<->雅马哈R6 - 北京摩友交流区 - 摩托车论坛 - 中国摩托迷网 将摩旅...
2019-07-11 00:00:23,089 logs.py LogsSave 10 DEBUG<->雅马哈R6 - 北京摩友交流区 - 摩托车论坛 - 中国摩托迷网 将摩旅...
2019-07-11 00:00:23,090 logs.py LogsSave 10 DEBUG<->入门级竞技改装 雅马哈YZF-R6_牛摩网
2019-07-11 00:00:23,090 logs.py LogsSave 10 DEBUG<->入门级竞技改装 雅马哈YZF-R6_牛摩网
2019-07-11 00:00:23,090 logs.py LogsSave 10 DEBUG<->入门级竞技改装 雅马哈YZF-R6_牛摩网
2019-07-11 00:00:23,090 logs.py LogsSave 10 DEBUG<->入门级竞技改装 雅马哈YZF-R6_牛摩网
2019-07-11 00:00:23,090 logs.py LogsSave 10 DEBUG<->入门级竞技改装 雅马哈YZF-R6_牛摩网
2019-07-11 00:00:23,090 logs.py LogsSave 10 DEBUG<->入门级竞技改装 雅马哈YZF-R6_牛摩网
2019-07-11 00:00:23,090 logs.py LogsSave 10 DEBUG<->入门级竞技改装 雅马哈YZF-R6_牛摩网
2019-07-11 00:00:23,090 logs.py LogsSave 10 DEBUG<->入门级竞技改装 雅马哈YZF-R6_牛摩网
2019-07-11 00:00:23,090 logs.py LogsSave 10 DEBUG<->入门级竞技改装 雅马哈YZF-R6_牛摩网
2019-07-11 00:00:23,090 logs.py LogsSave 10 DEBUG<->入门级竞技改装 雅马哈YZF-R6_牛摩网
2019-07-11 00:00:23,090 logs.py LogsSave 10 DEBUG<->入门级竞技改装 雅马哈YZF-R6_牛摩网
2019-07-11 00:00:23,090 logs.py LogsSave 10 DEBUG<->入门级竞技改装 雅马哈YZF-R6_牛摩网
2019-07-11 00:00:23,090 logs.py LogsSave 10 DEBUG<->入门级竞技改装 雅马哈YZF-R6_牛摩网
2019-07-11 00:00:23,090 logs.py LogsSave 10 DEBUG<->入门级竞技改装 雅马哈YZF-R6_牛摩网
2019-07-11 00:00:23,090 logs.py LogsSave 10 DEBUG<->入门级竞技改装 雅马哈YZF-R6_牛摩网
2019-07-11 00:00:23,090 logs.py LogsSave 10 DEBUG<->入门级竞技改装 雅马哈YZF-R6_牛摩网
2019-07-11 00:00:23,090 logs.py LogsSave 10 DEBUG<->入门级竞技改装 雅马哈YZF-R6_牛摩网
2019-07-11 00:00:23,090 logs.py LogsSave 10 DEBUG<->雅马哈R6声浪有多迷人?一个隧道就知道这摩托车不一般-..._搜狐...
2019-07-11 00:00:23,090 logs.py LogsSave 10 DEBUG<->雅马哈R6声浪有多迷人?一个隧道就知道这摩托车不一般-..._搜狐...
2019-07-11 00:00:23,090 logs.py LogsSave 10 DEBUG<->雅马哈R6声浪有多迷人?一个隧道就知道这摩托车不一般-..._搜狐...
2019-07-11 00:00:23,090 logs.py LogsSave 10 DEBUG<->雅马哈R6声浪有多迷人?一个隧道就知道这摩托车不一般-..._搜狐...
2019-07-11 00:00:23,090 logs.py LogsSave 10 DEBUG<->雅马哈R6声浪有多迷人?一个隧道就知道这摩托车不一般-..._搜狐...
2019-07-11 00:00:23,090 logs.py LogsSave 10 DEBUG<->雅马哈R6声浪有多迷人?一个隧道就知道这摩托车不一般-..._搜狐...
2019-07-11 00:00:23,090 logs.py LogsSave 10 DEBUG<->雅马哈R6声浪有多迷人?一个隧道就知道这摩托车不一般-..._搜狐...
2019-07-11 00:00:23,090 logs.py LogsSave 10 DEBUG<->雅马哈R6声浪有多迷人?一个隧道就知道这摩托车不一般-..._搜狐...
2019-07-11 00:00:23,090 logs.py LogsSave 10 DEBUG<->雅马哈R6声浪有多迷人?一个隧道就知道这摩托车不一般-..._搜狐...
2019-07-11 00:00:23,090 logs.py LogsSave 10 DEBUG<->雅马哈R6声浪有多迷人?一个隧道就知道这摩托车不一般-..._搜狐...
2019-07-11 00:00:23,090 logs.py LogsSave 10 DEBUG<->雅马哈R6声浪有多迷人?一个隧道就知道这摩托车不一般-..._搜狐...
2019-07-11 00:00:23,090 logs.py LogsSave 10 DEBUG<->雅马哈R6声浪有多迷人?一个隧道就知道这摩托车不一般-..._搜狐...
2019-07-11 00:00:23,090 logs.py LogsSave 10 DEBUG<->雅马哈R6声浪有多迷人?一个隧道就知道这摩托车不一般-..._搜狐...
2019-07-11 00:00:23,090 logs.py LogsSave 10 DEBUG<->雅马哈R6声浪有多迷人?一个隧道就知道这摩托车不一般-..._搜狐...
2019-07-11 00:00:23,090 logs.py LogsSave 10 DEBUG<->雅马哈R6声浪有多迷人?一个隧道就知道这摩托车不一般-..._搜狐...
2019-07-11 00:00:23,090 logs.py LogsSave 10 DEBUG<->雅马哈R6声浪有多迷人?一个隧道就知道这摩托车不一般-..._搜狐...
2019-07-11 00:00:23,090 logs.py LogsSave 10 DEBUG<->雅马哈R6声浪有多迷人?一个隧道就知道这摩托车不一般-..._搜狐...
2019-07-11 00:00:23,091 logs.py LogsSave 10 DEBUG<->摩登机车 2006雅马哈R6 机车简介视频_用户上传短视频_高清在线...
2019-07-11 00:00:23,091 logs.py LogsSave 10 DEBUG<->摩登机车 2006雅马哈R6 机车简介视频_用户上传短视频_高清在线...
2019-07-11 00:00:23,091 logs.py LogsSave 10 DEBUG<->摩登机车 2006雅马哈R6 机车简介视频_用户上传短视频_高清在线...
2019-07-11 00:00:23,091 logs.py LogsSave 10 DEBUG<->摩登机车 2006雅马哈R6 机车简介视频_用户上传短视频_高清在线...
2019-07-11 00:00:23,091 logs.py LogsSave 10 DEBUG<->摩登机车 2006雅马哈R6 机车简介视频_用户上传短视频_高清在线...
2019-07-11 00:00:23,091 logs.py LogsSave 10 DEBUG<->摩登机车 2006雅马哈R6 机车简介视频_用户上传短视频_高清在线...
2019-07-11 00:00:23,091 logs.py LogsSave 10 DEBUG<->摩登机车 2006雅马哈R6 机车简介视频_用户上传短视频_高清在线...
2019-07-11 00:00:23,091 logs.py LogsSave 10 DEBUG<->摩登机车 2006雅马哈R6 机车简介视频_用户上传短视频_高清在线...
2019-07-11 00:00:23,091 logs.py LogsSave 10 DEBUG<->摩登机车 2006雅马哈R6 机车简介视频_用户上传短视频_高清在线...
2019-07-11 00:00:23,091 logs.py LogsSave 10 DEBUG<->摩登机车 2006雅马哈R6 机车简介视频_用户上传短视频_高清在线...
2019-07-11 00:00:23,091 logs.py LogsSave 10 DEBUG<->摩登机车 2006雅马哈R6 机车简介视频_用户上传短视频_高清在线...
2019-07-11 00:00:23,091 logs.py LogsSave 10 DEBUG<->摩登机车 2006雅马哈R6 机车简介视频_用户上传短视频_高清在线...
2019-07-11 00:00:23,091 logs.py LogsSave 10 DEBUG<->摩登机车 2006雅马哈R6 机车简介视频_用户上传短视频_高清在线...
2019-07-11 00:00:23,091 logs.py LogsSave 10 DEBUG<->摩登机车 2006雅马哈R6 机车简介视频_用户上传短视频_高清在线...
2019-07-11 00:00:23,091 logs.py LogsSave 10 DEBUG<->摩登机车 2006雅马哈R6 机车简介视频_用户上传短视频_高清在线...
2019-07-11 00:00:23,091 logs.py LogsSave 10 DEBUG<->摩登机车 2006雅马哈R6 机车简介视频_用户上传短视频_高清在线...
2019-07-11 00:00:23,091 logs.py LogsSave 10 DEBUG<->摩登机车 2006雅马哈R6 机车简介视频_用户上传短视频_高清在线...
2019-07-11 00:00:23,091 logs.py LogsSave 10 DEBUG<->狂飙的雅马哈R6,600cc跑出这速度,快吗?_车家号_发现车生活_汽车之家
2019-07-11 00:00:23,091 logs.py LogsSave 10 DEBUG<->狂飙的雅马哈R6,600cc跑出这速度,快吗?_车家号_发现车生活_汽车之家
2019-07-11 00:00:23,091 logs.py LogsSave 10 DEBUG<->狂飙的雅马哈R6,600cc跑出这速度,快吗?_车家号_发现车生活_汽车之家
2019-07-11 00:00:23,091 logs.py LogsSave 10 DEBUG<->狂飙的雅马哈R6,600cc跑出这速度,快吗?_车家号_发现车生活_汽车之家
2019-07-11 00:00:23,091 logs.py LogsSave 10 DEBUG<->狂飙的雅马哈R6,600cc跑出这速度,快吗?_车家号_发现车生活_汽车之家
2019-07-11 00:00:23,091 logs.py LogsSave 10 DEBUG<->狂飙的雅马哈R6,600cc跑出这速度,快吗?_车家号_发现车生活_汽车之家
2019-07-11 00:00:23,091 logs.py LogsSave 10 DEBUG<->狂飙的雅马哈R6,600cc跑出这速度,快吗?_车家号_发现车生活_汽车之家
2019-07-11 00:00:23,091 logs.py LogsSave 10 DEBUG<->狂飙的雅马哈R6,600cc跑出这速度,快吗?_车家号_发现车生活_汽车之家
2019-07-11 00:00:23,091 logs.py LogsSave 10 DEBUG<->狂飙的雅马哈R6,600cc跑出这速度,快吗?_车家号_发现车生活_汽车之家
2019-07-11 00:00:23,091 logs.py LogsSave 10 DEBUG<->狂飙的雅马哈R6,600cc跑出这速度,快吗?_车家号_发现车生活_汽车之家
2019-07-11 00:00:23,091 logs.py LogsSave 10 DEBUG<->狂飙的雅马哈R6,600cc跑出这速度,快吗?_车家号_发现车生活_汽车之家
2019-07-11 00:00:23,091 logs.py LogsSave 10 DEBUG<->狂飙的雅马哈R6,600cc跑出这速度,快吗?_车家号_发现车生活_汽车之家
2019-07-11 00:00:23,091 logs.py LogsSave 10 DEBUG<->狂飙的雅马哈R6,600cc跑出这速度,快吗?_车家号_发现车生活_汽车之家
2019-07-11 00:00:23,091 logs.py LogsSave 10 DEBUG<->狂飙的雅马哈R6,600cc跑出这速度,快吗?_车家号_发现车生活_汽车之家
2019-07-11 00:00:23,091 logs.py LogsSave 10 DEBUG<->狂飙的雅马哈R6,600cc跑出这速度,快吗?_车家号_发现车生活_汽车之家
2019-07-11 00:00:23,091 logs.py LogsSave 10 DEBUG<->狂飙的雅马哈R6,600cc跑出这速度,快吗?_车家号_发现车生活_汽车之家
2019-07-11 00:00:23,091 logs.py LogsSave 10 DEBUG<->狂飙的雅马哈R6,600cc跑出这速度,快吗?_车家号_发现车生活_汽车之家
2019-07-11 00:00:23,092 logs.py LogsSave 10 DEBUG<->雅马哈R6,一款年轻人都喜欢的机车,听到这声浪就觉得不一般_腾...
2019-07-11 00:00:23,092 logs.py LogsSave 10 DEBUG<->雅马哈R6,一款年轻人都喜欢的机车,听到这声浪就觉得不一般_腾...
2019-07-11 00:00:23,092 logs.py LogsSave 10 DEBUG<->雅马哈R6,一款年轻人都喜欢的机车,听到这声浪就觉得不一般_腾...
2019-07-11 00:00:23,092 logs.py LogsSave 10 DEBUG<->雅马哈R6,一款年轻人都喜欢的机车,听到这声浪就觉得不一般_腾...
2019-07-11 00:00:23,092 logs.py LogsSave 10 DEBUG<->雅马哈R6,一款年轻人都喜欢的机车,听到这声浪就觉得不一般_腾...
2019-07-11 00:00:23,092 logs.py LogsSave 10 DEBUG<->雅马哈R6,一款年轻人都喜欢的机车,听到这声浪就觉得不一般_腾...
2019-07-11 00:00:23,092 logs.py LogsSave 10 DEBUG<->雅马哈R6,一款年轻人都喜欢的机车,听到这声浪就觉得不一般_腾...
2019-07-11 00:00:23,092 logs.py LogsSave 10 DEBUG<->雅马哈R6,一款年轻人都喜欢的机车,听到这声浪就觉得不一般_腾...
2019-07-11 00:00:23,092 logs.py LogsSave 10 DEBUG<->雅马哈R6,一款年轻人都喜欢的机车,听到这声浪就觉得不一般_腾...
2019-07-11 00:00:23,092 logs.py LogsSave 10 DEBUG<->雅马哈R6,一款年轻人都喜欢的机车,听到这声浪就觉得不一般_腾...
2019-07-11 00:00:23,092 logs.py LogsSave 10 DEBUG<->雅马哈R6,一款年轻人都喜欢的机车,听到这声浪就觉得不一般_腾...
2019-07-11 00:00:23,092 logs.py LogsSave 10 DEBUG<->雅马哈R6,一款年轻人都喜欢的机车,听到这声浪就觉得不一般_腾...
2019-07-11 00:00:23,092 logs.py LogsSave 10 DEBUG<->雅马哈R6,一款年轻人都喜欢的机车,听到这声浪就觉得不一般_腾...
2019-07-11 00:00:23,092 logs.py LogsSave 10 DEBUG<->雅马哈R6,一款年轻人都喜欢的机车,听到这声浪就觉得不一般_腾...
2019-07-11 00:00:23,092 logs.py LogsSave 10 DEBUG<->雅马哈R6,一款年轻人都喜欢的机车,听到这声浪就觉得不一般_腾...
2019-07-11 00:00:23,092 logs.py LogsSave 10 DEBUG<->雅马哈R6,一款年轻人都喜欢的机车,听到这声浪就觉得不一般_腾...
2019-07-11 00:00:23,092 logs.py LogsSave 10 DEBUG<->雅马哈R6,一款年轻人都喜欢的机车,听到这声浪就觉得不一般_腾...
2019-07-11 00:00:23,393 logs.py LogsSave 10 DEBUG<->[{'【雅马哈 Yamaha R6YZF-R6摩托车报价】雅马哈 Yamaha R6YZF-R6...': '内容需要完善'}, {'雅马哈R6_雅马哈摩托_雅马哈R6报价_雅马哈R6图片_摩托威': '内容需要完善'}, {'\n雅马哈R6_视频大全_高清在线观看\n': '内容需要完善'}, {'雅马哈R6_【重庆市二手摩托车】 - 牛摩网': '内容需要完善'}, {'【雅马哈 Yamaha R6YZF-R6】报价_参数_图片_评测_论坛_雅..._牛摩网': '内容需要完善'}, {'雅马哈R6开箱-汽车-高清正版视频在线观看–爱奇艺': '内容需要完善'}, {'雅马哈R6-雅马哈R6品牌、图片、排行榜 - 阿里巴巴': '内容需要完善'}, {'【图】雅马哈 YamahaR6YZF-R6整车 - 牛摩网': '内容需要完善'}, {'【图】雅马哈 YamahaR6YZF-R6整车 - 牛摩网': '内容需要完善'}, {'#新浪看点# 19万雅马哈R6现街头,129匹马力... 来自柠檬论车 - 微博': '内容需要完善'}, {'【雅马哈 Yamaha R6YZF-R6摩托车图片】雅马哈 Yamaha R6YZF-R6...': '内容需要完善'}, {'雅马哈R6 - 北京摩友交流区 - 摩托车论坛 - 中国摩托迷网 将摩旅...': '内容需要完善'}, {'入门级竞技改装 雅马哈YZF-R6_牛摩网': '内容需要完善'}, {'雅马哈R6声浪有多迷人?一个隧道就知道这摩托车不一般-..._搜狐...': '内容需要完善'}, {'摩登机车 2006雅马哈R6 机车简介视频_用户上传短视频_高清在线...': '内容需要完善'}, {'狂飙的雅马哈R6,600cc跑出这速度,快吗?_车家号_发现车生活_汽车之家': '内容需要完善'}, {'雅马哈R6,一款年轻人都喜欢的机车,听到这声浪就觉得不一般_腾...': '内容需要完善'}]
2019-07-11 00:00:23,393 logs.py LogsSave 10 DEBUG<->[{'【雅马哈 Yamaha R6YZF-R6摩托车报价】雅马哈 Yamaha R6YZF-R6...': '内容需要完善'}, {'雅马哈R6_雅马哈摩托_雅马哈R6报价_雅马哈R6图片_摩托威': '内容需要完善'}, {'\n雅马哈R6_视频大全_高清在线观看\n': '内容需要完善'}, {'雅马哈R6_【重庆市二手摩托车】 - 牛摩网': '内容需要完善'}, {'【雅马哈 Yamaha R6YZF-R6】报价_参数_图片_评测_论坛_雅..._牛摩网': '内容需要完善'}, {'雅马哈R6开箱-汽车-高清正版视频在线观看–爱奇艺': '内容需要完善'}, {'雅马哈R6-雅马哈R6品牌、图片、排行榜 - 阿里巴巴': '内容需要完善'}, {'【图】雅马哈 YamahaR6YZF-R6整车 - 牛摩网': '内容需要完善'}, {'【图】雅马哈 YamahaR6YZF-R6整车 - 牛摩网': '内容需要完善'}, {'#新浪看点# 19万雅马哈R6现街头,129匹马力... 来自柠檬论车 - 微博': '内容需要完善'}, {'【雅马哈 Yamaha R6YZF-R6摩托车图片】雅马哈 Yamaha R6YZF-R6...': '内容需要完善'}, {'雅马哈R6 - 北京摩友交流区 - 摩托车论坛 - 中国摩托迷网 将摩旅...': '内容需要完善'}, {'入门级竞技改装 雅马哈YZF-R6_牛摩网': '内容需要完善'}, {'雅马哈R6声浪有多迷人?一个隧道就知道这摩托车不一般-..._搜狐...': '内容需要完善'}, {'摩登机车 2006雅马哈R6 机车简介视频_用户上传短视频_高清在线...': '内容需要完善'}, {'狂飙的雅马哈R6,600cc跑出这速度,快吗?_车家号_发现车生活_汽车之家': '内容需要完善'}, {'雅马哈R6,一款年轻人都喜欢的机车,听到这声浪就觉得不一般_腾...': '内容需要完善'}]
2019-07-11 00:00:23,393 logs.py LogsSave 10 DEBUG<->[{'【雅马哈 Yamaha R6YZF-R6摩托车报价】雅马哈 Yamaha R6YZF-R6...': '内容需要完善'}, {'雅马哈R6_雅马哈摩托_雅马哈R6报价_雅马哈R6图片_摩托威': '内容需要完善'}, {'\n雅马哈R6_视频大全_高清在线观看\n': '内容需要完善'}, {'雅马哈R6_【重庆市二手摩托车】 - 牛摩网': '内容需要完善'}, {'【雅马哈 Yamaha R6YZF-R6】报价_参数_图片_评测_论坛_雅..._牛摩网': '内容需要完善'}, {'雅马哈R6开箱-汽车-高清正版视频在线观看–爱奇艺': '内容需要完善'}, {'雅马哈R6-雅马哈R6品牌、图片、排行榜 - 阿里巴巴': '内容需要完善'}, {'【图】雅马哈 YamahaR6YZF-R6整车 - 牛摩网': '内容需要完善'}, {'【图】雅马哈 YamahaR6YZF-R6整车 - 牛摩网': '内容需要完善'}, {'#新浪看点# 19万雅马哈R6现街头,129匹马力... 来自柠檬论车 - 微博': '内容需要完善'}, {'【雅马哈 Yamaha R6YZF-R6摩托车图片】雅马哈 Yamaha R6YZF-R6...': '内容需要完善'}, {'雅马哈R6 - 北京摩友交流区 - 摩托车论坛 - 中国摩托迷网 将摩旅...': '内容需要完善'}, {'入门级竞技改装 雅马哈YZF-R6_牛摩网': '内容需要完善'}, {'雅马哈R6声浪有多迷人?一个隧道就知道这摩托车不一般-..._搜狐...': '内容需要完善'}, {'摩登机车 2006雅马哈R6 机车简介视频_用户上传短视频_高清在线...': '内容需要完善'}, {'狂飙的雅马哈R6,600cc跑出这速度,快吗?_车家号_发现车生活_汽车之家': '内容需要完善'}, {'雅马哈R6,一款年轻人都喜欢的机车,听到这声浪就觉得不一般_腾...': '内容需要完善'}]
2019-07-11 00:00:23,393 logs.py LogsSave 10 DEBUG<->[{'【雅马哈 Yamaha R6YZF-R6摩托车报价】雅马哈 Yamaha R6YZF-R6...': '内容需要完善'}, {'雅马哈R6_雅马哈摩托_雅马哈R6报价_雅马哈R6图片_摩托威': '内容需要完善'}, {'\n雅马哈R6_视频大全_高清在线观看\n': '内容需要完善'}, {'雅马哈R6_【重庆市二手摩托车】 - 牛摩网': '内容需要完善'}, {'【雅马哈 Yamaha R6YZF-R6】报价_参数_图片_评测_论坛_雅..._牛摩网': '内容需要完善'}, {'雅马哈R6开箱-汽车-高清正版视频在线观看–爱奇艺': '内容需要完善'}, {'雅马哈R6-雅马哈R6品牌、图片、排行榜 - 阿里巴巴': '内容需要完善'}, {'【图】雅马哈 YamahaR6YZF-R6整车 - 牛摩网': '内容需要完善'}, {'【图】雅马哈 YamahaR6YZF-R6整车 - 牛摩网': '内容需要完善'}, {'#新浪看点# 19万雅马哈R6现街头,129匹马力... 来自柠檬论车 - 微博': '内容需要完善'}, {'【雅马哈 Yamaha R6YZF-R6摩托车图片】雅马哈 Yamaha R6YZF-R6...': '内容需要完善'}, {'雅马哈R6 - 北京摩友交流区 - 摩托车论坛 - 中国摩托迷网 将摩旅...': '内容需要完善'}, {'入门级竞技改装 雅马哈YZF-R6_牛摩网': '内容需要完善'}, {'雅马哈R6声浪有多迷人?一个隧道就知道这摩托车不一般-..._搜狐...': '内容需要完善'}, {'摩登机车 2006雅马哈R6 机车简介视频_用户上传短视频_高清在线...': '内容需要完善'}, {'狂飙的雅马哈R6,600cc跑出这速度,快吗?_车家号_发现车生活_汽车之家': '内容需要完善'}, {'雅马哈R6,一款年轻人都喜欢的机车,听到这声浪就觉得不一般_腾...': '内容需要完善'}]
2019-07-11 00:00:23,393 logs.py LogsSave 10 DEBUG<->[{'【雅马哈 Yamaha R6YZF-R6摩托车报价】雅马哈 Yamaha R6YZF-R6...': '内容需要完善'}, {'雅马哈R6_雅马哈摩托_雅马哈R6报价_雅马哈R6图片_摩托威': '内容需要完善'}, {'\n雅马哈R6_视频大全_高清在线观看\n': '内容需要完善'}, {'雅马哈R6_【重庆市二手摩托车】 - 牛摩网': '内容需要完善'}, {'【雅马哈 Yamaha R6YZF-R6】报价_参数_图片_评测_论坛_雅..._牛摩网': '内容需要完善'}, {'雅马哈R6开箱-汽车-高清正版视频在线观看–爱奇艺': '内容需要完善'}, {'雅马哈R6-雅马哈R6品牌、图片、排行榜 - 阿里巴巴': '内容需要完善'}, {'【图】雅马哈 YamahaR6YZF-R6整车 - 牛摩网': '内容需要完善'}, {'【图】雅马哈 YamahaR6YZF-R6整车 - 牛摩网': '内容需要完善'}, {'#新浪看点# 19万雅马哈R6现街头,129匹马力... 来自柠檬论车 - 微博': '内容需要完善'}, {'【雅马哈 Yamaha R6YZF-R6摩托车图片】雅马哈 Yamaha R6YZF-R6...': '内容需要完善'}, {'雅马哈R6 - 北京摩友交流区 - 摩托车论坛 - 中国摩托迷网 将摩旅...': '内容需要完善'}, {'入门级竞技改装 雅马哈YZF-R6_牛摩网': '内容需要完善'}, {'雅马哈R6声浪有多迷人?一个隧道就知道这摩托车不一般-..._搜狐...': '内容需要完善'}, {'摩登机车 2006雅马哈R6 机车简介视频_用户上传短视频_高清在线...': '内容需要完善'}, {'狂飙的雅马哈R6,600cc跑出这速度,快吗?_车家号_发现车生活_汽车之家': '内容需要完善'}, {'雅马哈R6,一款年轻人都喜欢的机车,听到这声浪就觉得不一般_腾...': '内容需要完善'}]
2019-07-11 00:00:23,393 logs.py LogsSave 10 DEBUG<->[{'【雅马哈 Yamaha R6YZF-R6摩托车报价】雅马哈 Yamaha R6YZF-R6...': '内容需要完善'}, {'雅马哈R6_雅马哈摩托_雅马哈R6报价_雅马哈R6图片_摩托威': '内容需要完善'}, {'\n雅马哈R6_视频大全_高清在线观看\n': '内容需要完善'}, {'雅马哈R6_【重庆市二手摩托车】 - 牛摩网': '内容需要完善'}, {'【雅马哈 Yamaha R6YZF-R6】报价_参数_图片_评测_论坛_雅..._牛摩网': '内容需要完善'}, {'雅马哈R6开箱-汽车-高清正版视频在线观看–爱奇艺': '内容需要完善'}, {'雅马哈R6-雅马哈R6品牌、图片、排行榜 - 阿里巴巴': '内容需要完善'}, {'【图】雅马哈 YamahaR6YZF-R6整车 - 牛摩网': '内容需要完善'}, {'【图】雅马哈 YamahaR6YZF-R6整车 - 牛摩网': '内容需要完善'}, {'#新浪看点# 19万雅马哈R6现街头,129匹马力... 来自柠檬论车 - 微博': '内容需要完善'}, {'【雅马哈 Yamaha R6YZF-R6摩托车图片】雅马哈 Yamaha R6YZF-R6...': '内容需要完善'}, {'雅马哈R6 - 北京摩友交流区 - 摩托车论坛 - 中国摩托迷网 将摩旅...': '内容需要完善'}, {'入门级竞技改装 雅马哈YZF-R6_牛摩网': '内容需要完善'}, {'雅马哈R6声浪有多迷人?一个隧道就知道这摩托车不一般-..._搜狐...': '内容需要完善'}, {'摩登机车 2006雅马哈R6 机车简介视频_用户上传短视频_高清在线...': '内容需要完善'}, {'狂飙的雅马哈R6,600cc跑出这速度,快吗?_车家号_发现车生活_汽车之家': '内容需要完善'}, {'雅马哈R6,一款年轻人都喜欢的机车,听到这声浪就觉得不一般_腾...': '内容需要完善'}]
2019-07-11 00:00:23,393 logs.py LogsSave 10 DEBUG<->[{'【雅马哈 Yamaha R6YZF-R6摩托车报价】雅马哈 Yamaha R6YZF-R6...': '内容需要完善'}, {'雅马哈R6_雅马哈摩托_雅马哈R6报价_雅马哈R6图片_摩托威': '内容需要完善'}, {'\n雅马哈R6_视频大全_高清在线观看\n': '内容需要完善'}, {'雅马哈R6_【重庆市二手摩托车】 - 牛摩网': '内容需要完善'}, {'【雅马哈 Yamaha R6YZF-R6】报价_参数_图片_评测_论坛_雅..._牛摩网': '内容需要完善'}, {'雅马哈R6开箱-汽车-高清正版视频在线观看–爱奇艺': '内容需要完善'}, {'雅马哈R6-雅马哈R6品牌、图片、排行榜 - 阿里巴巴': '内容需要完善'}, {'【图】雅马哈 YamahaR6YZF-R6整车 - 牛摩网': '内容需要完善'}, {'【图】雅马哈 YamahaR6YZF-R6整车 - 牛摩网': '内容需要完善'}, {'#新浪看点# 19万雅马哈R6现街头,129匹马力... 来自柠檬论车 - 微博': '内容需要完善'}, {'【雅马哈 Yamaha R6YZF-R6摩托车图片】雅马哈 Yamaha R6YZF-R6...': '内容需要完善'}, {'雅马哈R6 - 北京摩友交流区 - 摩托车论坛 - 中国摩托迷网 将摩旅...': '内容需要完善'}, {'入门级竞技改装 雅马哈YZF-R6_牛摩网': '内容需要完善'}, {'雅马哈R6声浪有多迷人?一个隧道就知道这摩托车不一般-..._搜狐...': '内容需要完善'}, {'摩登机车 2006雅马哈R6 机车简介视频_用户上传短视频_高清在线...': '内容需要完善'}, {'狂飙的雅马哈R6,600cc跑出这速度,快吗?_车家号_发现车生活_汽车之家': '内容需要完善'}, {'雅马哈R6,一款年轻人都喜欢的机车,听到这声浪就觉得不一般_腾...': '内容需要完善'}]
2019-07-11 00:00:23,393 logs.py LogsSave 10 DEBUG<->[{'【雅马哈 Yamaha R6YZF-R6摩托车报价】雅马哈 Yamaha R6YZF-R6...': '内容需要完善'}, {'雅马哈R6_雅马哈摩托_雅马哈R6报价_雅马哈R6图片_摩托威': '内容需要完善'}, {'\n雅马哈R6_视频大全_高清在线观看\n': '内容需要完善'}, {'雅马哈R6_【重庆市二手摩托车】 - 牛摩网': '内容需要完善'}, {'【雅马哈 Yamaha R6YZF-R6】报价_参数_图片_评测_论坛_雅..._牛摩网': '内容需要完善'}, {'雅马哈R6开箱-汽车-高清正版视频在线观看–爱奇艺': '内容需要完善'}, {'雅马哈R6-雅马哈R6品牌、图片、排行榜 - 阿里巴巴': '内容需要完善'}, {'【图】雅马哈 YamahaR6YZF-R6整车 - 牛摩网': '内容需要完善'}, {'【图】雅马哈 YamahaR6YZF-R6整车 - 牛摩网': '内容需要完善'}, {'#新浪看点# 19万雅马哈R6现街头,129匹马力... 来自柠檬论车 - 微博': '内容需要完善'}, {'【雅马哈 Yamaha R6YZF-R6摩托车图片】雅马哈 Yamaha R6YZF-R6...': '内容需要完善'}, {'雅马哈R6 - 北京摩友交流区 - 摩托车论坛 - 中国摩托迷网 将摩旅...': '内容需要完善'}, {'入门级竞技改装 雅马哈YZF-R6_牛摩网': '内容需要完善'}, {'雅马哈R6声浪有多迷人?一个隧道就知道这摩托车不一般-..._搜狐...': '内容需要完善'}, {'摩登机车 2006雅马哈R6 机车简介视频_用户上传短视频_高清在线...': '内容需要完善'}, {'狂飙的雅马哈R6,600cc跑出这速度,快吗?_车家号_发现车生活_汽车之家': '内容需要完善'}, {'雅马哈R6,一款年轻人都喜欢的机车,听到这声浪就觉得不一般_腾...': '内容需要完善'}]
2019-07-11 00:00:23,393 logs.py LogsSave 10 DEBUG<->[{'【雅马哈 Yamaha R6YZF-R6摩托车报价】雅马哈 Yamaha R6YZF-R6...': '内容需要完善'}, {'雅马哈R6_雅马哈摩托_雅马哈R6报价_雅马哈R6图片_摩托威': '内容需要完善'}, {'\n雅马哈R6_视频大全_高清在线观看\n': '内容需要完善'}, {'雅马哈R6_【重庆市二手摩托车】 - 牛摩网': '内容需要完善'}, {'【雅马哈 Yamaha R6YZF-R6】报价_参数_图片_评测_论坛_雅..._牛摩网': '内容需要完善'}, {'雅马哈R6开箱-汽车-高清正版视频在线观看–爱奇艺': '内容需要完善'}, {'雅马哈R6-雅马哈R6品牌、图片、排行榜 - 阿里巴巴': '内容需要完善'}, {'【图】雅马哈 YamahaR6YZF-R6整车 - 牛摩网': '内容需要完善'}, {'【图】雅马哈 YamahaR6YZF-R6整车 - 牛摩网': '内容需要完善'}, {'#新浪看点# 19万雅马哈R6现街头,129匹马力... 来自柠檬论车 - 微博': '内容需要完善'}, {'【雅马哈 Yamaha R6YZF-R6摩托车图片】雅马哈 Yamaha R6YZF-R6...': '内容需要完善'}, {'雅马哈R6 - 北京摩友交流区 - 摩托车论坛 - 中国摩托迷网 将摩旅...': '内容需要完善'}, {'入门级竞技改装 雅马哈YZF-R6_牛摩网': '内容需要完善'}, {'雅马哈R6声浪有多迷人?一个隧道就知道这摩托车不一般-..._搜狐...': '内容需要完善'}, {'摩登机车 2006雅马哈R6 机车简介视频_用户上传短视频_高清在线...': '内容需要完善'}, {'狂飙的雅马哈R6,600cc跑出这速度,快吗?_车家号_发现车生活_汽车之家': '内容需要完善'}, {'雅马哈R6,一款年轻人都喜欢的机车,听到这声浪就觉得不一般_腾...': '内容需要完善'}]
2019-07-11 00:00:23,393 logs.py LogsSave 10 DEBUG<->[{'【雅马哈 Yamaha R6YZF-R6摩托车报价】雅马哈 Yamaha R6YZF-R6...': '内容需要完善'}, {'雅马哈R6_雅马哈摩托_雅马哈R6报价_雅马哈R6图片_摩托威': '内容需要完善'}, {'\n雅马哈R6_视频大全_高清在线观看\n': '内容需要完善'}, {'雅马哈R6_【重庆市二手摩托车】 - 牛摩网': '内容需要完善'}, {'【雅马哈 Yamaha R6YZF-R6】报价_参数_图片_评测_论坛_雅..._牛摩网': '内容需要完善'}, {'雅马哈R6开箱-汽车-高清正版视频在线观看–爱奇艺': '内容需要完善'}, {'雅马哈R6-雅马哈R6品牌、图片、排行榜 - 阿里巴巴': '内容需要完善'}, {'【图】雅马哈 YamahaR6YZF-R6整车 - 牛摩网': '内容需要完善'}, {'【图】雅马哈 YamahaR6YZF-R6整车 - 牛摩网': '内容需要完善'}, {'#新浪看点# 19万雅马哈R6现街头,129匹马力... 来自柠檬论车 - 微博': '内容需要完善'}, {'【雅马哈 Yamaha R6YZF-R6摩托车图片】雅马哈 Yamaha R6YZF-R6...': '内容需要完善'}, {'雅马哈R6 - 北京摩友交流区 - 摩托车论坛 - 中国摩托迷网 将摩旅...': '内容需要完善'}, {'入门级竞技改装 雅马哈YZF-R6_牛摩网': '内容需要完善'}, {'雅马哈R6声浪有多迷人?一个隧道就知道这摩托车不一般-..._搜狐...': '内容需要完善'}, {'摩登机车 2006雅马哈R6 机车简介视频_用户上传短视频_高清在线...': '内容需要完善'}, {'狂飙的雅马哈R6,600cc跑出这速度,快吗?_车家号_发现车生活_汽车之家': '内容需要完善'}, {'雅马哈R6,一款年轻人都喜欢的机车,听到这声浪就觉得不一般_腾...': '内容需要完善'}]
2019-07-11 00:00:23,393 logs.py LogsSave 10 DEBUG<->[{'【雅马哈 Yamaha R6YZF-R6摩托车报价】雅马哈 Yamaha R6YZF-R6...': '内容需要完善'}, {'雅马哈R6_雅马哈摩托_雅马哈R6报价_雅马哈R6图片_摩托威': '内容需要完善'}, {'\n雅马哈R6_视频大全_高清在线观看\n': '内容需要完善'}, {'雅马哈R6_【重庆市二手摩托车】 - 牛摩网': '内容需要完善'}, {'【雅马哈 Yamaha R6YZF-R6】报价_参数_图片_评测_论坛_雅..._牛摩网': '内容需要完善'}, {'雅马哈R6开箱-汽车-高清正版视频在线观看–爱奇艺': '内容需要完善'}, {'雅马哈R6-雅马哈R6品牌、图片、排行榜 - 阿里巴巴': '内容需要完善'}, {'【图】雅马哈 YamahaR6YZF-R6整车 - 牛摩网': '内容需要完善'}, {'【图】雅马哈 YamahaR6YZF-R6整车 - 牛摩网': '内容需要完善'}, {'#新浪看点# 19万雅马哈R6现街头,129匹马力... 来自柠檬论车 - 微博': '内容需要完善'}, {'【雅马哈 Yamaha R6YZF-R6摩托车图片】雅马哈 Yamaha R6YZF-R6...': '内容需要完善'}, {'雅马哈R6 - 北京摩友交流区 - 摩托车论坛 - 中国摩托迷网 将摩旅...': '内容需要完善'}, {'入门级竞技改装 雅马哈YZF-R6_牛摩网': '内容需要完善'}, {'雅马哈R6声浪有多迷人?一个隧道就知道这摩托车不一般-..._搜狐...': '内容需要完善'}, {'摩登机车 2006雅马哈R6 机车简介视频_用户上传短视频_高清在线...': '内容需要完善'}, {'狂飙的雅马哈R6,600cc跑出这速度,快吗?_车家号_发现车生活_汽车之家': '内容需要完善'}, {'雅马哈R6,一款年轻人都喜欢的机车,听到这声浪就觉得不一般_腾...': '内容需要完善'}]
2019-07-11 00:00:23,393 logs.py LogsSave 10 DEBUG<->[{'【雅马哈 Yamaha R6YZF-R6摩托车报价】雅马哈 Yamaha R6YZF-R6...': '内容需要完善'}, {'雅马哈R6_雅马哈摩托_雅马哈R6报价_雅马哈R6图片_摩托威': '内容需要完善'}, {'\n雅马哈R6_视频大全_高清在线观看\n': '内容需要完善'}, {'雅马哈R6_【重庆市二手摩托车】 - 牛摩网': '内容需要完善'}, {'【雅马哈 Yamaha R6YZF-R6】报价_参数_图片_评测_论坛_雅..._牛摩网': '内容需要完善'}, {'雅马哈R6开箱-汽车-高清正版视频在线观看–爱奇艺': '内容需要完善'}, {'雅马哈R6-雅马哈R6品牌、图片、排行榜 - 阿里巴巴': '内容需要完善'}, {'【图】雅马哈 YamahaR6YZF-R6整车 - 牛摩网': '内容需要完善'}, {'【图】雅马哈 YamahaR6YZF-R6整车 - 牛摩网': '内容需要完善'}, {'#新浪看点# 19万雅马哈R6现街头,129匹马力... 来自柠檬论车 - 微博': '内容需要完善'}, {'【雅马哈 Yamaha R6YZF-R6摩托车图片】雅马哈 Yamaha R6YZF-R6...': '内容需要完善'}, {'雅马哈R6 - 北京摩友交流区 - 摩托车论坛 - 中国摩托迷网 将摩旅...': '内容需要完善'}, {'入门级竞技改装 雅马哈YZF-R6_牛摩网': '内容需要完善'}, {'雅马哈R6声浪有多迷人?一个隧道就知道这摩托车不一般-..._搜狐...': '内容需要完善'}, {'摩登机车 2006雅马哈R6 机车简介视频_用户上传短视频_高清在线...': '内容需要完善'}, {'狂飙的雅马哈R6,600cc跑出这速度,快吗?_车家号_发现车生活_汽车之家': '内容需要完善'}, {'雅马哈R6,一款年轻人都喜欢的机车,听到这声浪就觉得不一般_腾...': '内容需要完善'}]
2019-07-11 00:00:23,393 logs.py LogsSave 10 DEBUG<->[{'【雅马哈 Yamaha R6YZF-R6摩托车报价】雅马哈 Yamaha R6YZF-R6...': '内容需要完善'}, {'雅马哈R6_雅马哈摩托_雅马哈R6报价_雅马哈R6图片_摩托威': '内容需要完善'}, {'\n雅马哈R6_视频大全_高清在线观看\n': '内容需要完善'}, {'雅马哈R6_【重庆市二手摩托车】 - 牛摩网': '内容需要完善'}, {'【雅马哈 Yamaha R6YZF-R6】报价_参数_图片_评测_论坛_雅..._牛摩网': '内容需要完善'}, {'雅马哈R6开箱-汽车-高清正版视频在线观看–爱奇艺': '内容需要完善'}, {'雅马哈R6-雅马哈R6品牌、图片、排行榜 - 阿里巴巴': '内容需要完善'}, {'【图】雅马哈 YamahaR6YZF-R6整车 - 牛摩网': '内容需要完善'}, {'【图】雅马哈 YamahaR6YZF-R6整车 - 牛摩网': '内容需要完善'}, {'#新浪看点# 19万雅马哈R6现街头,129匹马力... 来自柠檬论车 - 微博': '内容需要完善'}, {'【雅马哈 Yamaha R6YZF-R6摩托车图片】雅马哈 Yamaha R6YZF-R6...': '内容需要完善'}, {'雅马哈R6 - 北京摩友交流区 - 摩托车论坛 - 中国摩托迷网 将摩旅...': '内容需要完善'}, {'入门级竞技改装 雅马哈YZF-R6_牛摩网': '内容需要完善'}, {'雅马哈R6声浪有多迷人?一个隧道就知道这摩托车不一般-..._搜狐...': '内容需要完善'}, {'摩登机车 2006雅马哈R6 机车简介视频_用户上传短视频_高清在线...': '内容需要完善'}, {'狂飙的雅马哈R6,600cc跑出这速度,快吗?_车家号_发现车生活_汽车之家': '内容需要完善'}, {'雅马哈R6,一款年轻人都喜欢的机车,听到这声浪就觉得不一般_腾...': '内容需要完善'}]
2019-07-11 00:00:23,393 logs.py LogsSave 10 DEBUG<->[{'【雅马哈 Yamaha R6YZF-R6摩托车报价】雅马哈 Yamaha R6YZF-R6...': '内容需要完善'}, {'雅马哈R6_雅马哈摩托_雅马哈R6报价_雅马哈R6图片_摩托威': '内容需要完善'}, {'\n雅马哈R6_视频大全_高清在线观看\n': '内容需要完善'}, {'雅马哈R6_【重庆市二手摩托车】 - 牛摩网': '内容需要完善'}, {'【雅马哈 Yamaha R6YZF-R6】报价_参数_图片_评测_论坛_雅..._牛摩网': '内容需要完善'}, {'雅马哈R6开箱-汽车-高清正版视频在线观看–爱奇艺': '内容需要完善'}, {'雅马哈R6-雅马哈R6品牌、图片、排行榜 - 阿里巴巴': '内容需要完善'}, {'【图】雅马哈 YamahaR6YZF-R6整车 - 牛摩网': '内容需要完善'}, {'【图】雅马哈 YamahaR6YZF-R6整车 - 牛摩网': '内容需要完善'}, {'#新浪看点# 19万雅马哈R6现街头,129匹马力... 来自柠檬论车 - 微博': '内容需要完善'}, {'【雅马哈 Yamaha R6YZF-R6摩托车图片】雅马哈 Yamaha R6YZF-R6...': '内容需要完善'}, {'雅马哈R6 - 北京摩友交流区 - 摩托车论坛 - 中国摩托迷网 将摩旅...': '内容需要完善'}, {'入门级竞技改装 雅马哈YZF-R6_牛摩网': '内容需要完善'}, {'雅马哈R6声浪有多迷人?一个隧道就知道这摩托车不一般-..._搜狐...': '内容需要完善'}, {'摩登机车 2006雅马哈R6 机车简介视频_用户上传短视频_高清在线...': '内容需要完善'}, {'狂飙的雅马哈R6,600cc跑出这速度,快吗?_车家号_发现车生活_汽车之家': '内容需要完善'}, {'雅马哈R6,一款年轻人都喜欢的机车,听到这声浪就觉得不一般_腾...': '内容需要完善'}]
2019-07-11 00:00:23,393 logs.py LogsSave 10 DEBUG<->[{'【雅马哈 Yamaha R6YZF-R6摩托车报价】雅马哈 Yamaha R6YZF-R6...': '内容需要完善'}, {'雅马哈R6_雅马哈摩托_雅马哈R6报价_雅马哈R6图片_摩托威': '内容需要完善'}, {'\n雅马哈R6_视频大全_高清在线观看\n': '内容需要完善'}, {'雅马哈R6_【重庆市二手摩托车】 - 牛摩网': '内容需要完善'}, {'【雅马哈 Yamaha R6YZF-R6】报价_参数_图片_评测_论坛_雅..._牛摩网': '内容需要完善'}, {'雅马哈R6开箱-汽车-高清正版视频在线观看–爱奇艺': '内容需要完善'}, {'雅马哈R6-雅马哈R6品牌、图片、排行榜 - 阿里巴巴': '内容需要完善'}, {'【图】雅马哈 YamahaR6YZF-R6整车 - 牛摩网': '内容需要完善'}, {'【图】雅马哈 YamahaR6YZF-R6整车 - 牛摩网': '内容需要完善'}, {'#新浪看点# 19万雅马哈R6现街头,129匹马力... 来自柠檬论车 - 微博': '内容需要完善'}, {'【雅马哈 Yamaha R6YZF-R6摩托车图片】雅马哈 Yamaha R6YZF-R6...': '内容需要完善'}, {'雅马哈R6 - 北京摩友交流区 - 摩托车论坛 - 中国摩托迷网 将摩旅...': '内容需要完善'}, {'入门级竞技改装 雅马哈YZF-R6_牛摩网': '内容需要完善'}, {'雅马哈R6声浪有多迷人?一个隧道就知道这摩托车不一般-..._搜狐...': '内容需要完善'}, {'摩登机车 2006雅马哈R6 机车简介视频_用户上传短视频_高清在线...': '内容需要完善'}, {'狂飙的雅马哈R6,600cc跑出这速度,快吗?_车家号_发现车生活_汽车之家': '内容需要完善'}, {'雅马哈R6,一款年轻人都喜欢的机车,听到这声浪就觉得不一般_腾...': '内容需要完善'}]
2019-07-11 00:00:23,393 logs.py LogsSave 10 DEBUG<->[{'【雅马哈 Yamaha R6YZF-R6摩托车报价】雅马哈 Yamaha R6YZF-R6...': '内容需要完善'}, {'雅马哈R6_雅马哈摩托_雅马哈R6报价_雅马哈R6图片_摩托威': '内容需要完善'}, {'\n雅马哈R6_视频大全_高清在线观看\n': '内容需要完善'}, {'雅马哈R6_【重庆市二手摩托车】 - 牛摩网': '内容需要完善'}, {'【雅马哈 Yamaha R6YZF-R6】报价_参数_图片_评测_论坛_雅..._牛摩网': '内容需要完善'}, {'雅马哈R6开箱-汽车-高清正版视频在线观看–爱奇艺': '内容需要完善'}, {'雅马哈R6-雅马哈R6品牌、图片、排行榜 - 阿里巴巴': '内容需要完善'}, {'【图】雅马哈 YamahaR6YZF-R6整车 - 牛摩网': '内容需要完善'}, {'【图】雅马哈 YamahaR6YZF-R6整车 - 牛摩网': '内容需要完善'}, {'#新浪看点# 19万雅马哈R6现街头,129匹马力... 来自柠檬论车 - 微博': '内容需要完善'}, {'【雅马哈 Yamaha R6YZF-R6摩托车图片】雅马哈 Yamaha R6YZF-R6...': '内容需要完善'}, {'雅马哈R6 - 北京摩友交流区 - 摩托车论坛 - 中国摩托迷网 将摩旅...': '内容需要完善'}, {'入门级竞技改装 雅马哈YZF-R6_牛摩网': '内容需要完善'}, {'雅马哈R6声浪有多迷人?一个隧道就知道这摩托车不一般-..._搜狐...': '内容需要完善'}, {'摩登机车 2006雅马哈R6 机车简介视频_用户上传短视频_高清在线...': '内容需要完善'}, {'狂飙的雅马哈R6,600cc跑出这速度,快吗?_车家号_发现车生活_汽车之家': '内容需要完善'}, {'雅马哈R6,一款年轻人都喜欢的机车,听到这声浪就觉得不一般_腾...': '内容需要完善'}]
2019-07-11 00:00:23,393 logs.py LogsSave 10 DEBUG<->[{'【雅马哈 Yamaha R6YZF-R6摩托车报价】雅马哈 Yamaha R6YZF-R6...': '内容需要完善'}, {'雅马哈R6_雅马哈摩托_雅马哈R6报价_雅马哈R6图片_摩托威': '内容需要完善'}, {'\n雅马哈R6_视频大全_高清在线观看\n': '内容需要完善'}, {'雅马哈R6_【重庆市二手摩托车】 - 牛摩网': '内容需要完善'}, {'【雅马哈 Yamaha R6YZF-R6】报价_参数_图片_评测_论坛_雅..._牛摩网': '内容需要完善'}, {'雅马哈R6开箱-汽车-高清正版视频在线观看–爱奇艺': '内容需要完善'}, {'雅马哈R6-雅马哈R6品牌、图片、排行榜 - 阿里巴巴': '内容需要完善'}, {'【图】雅马哈 YamahaR6YZF-R6整车 - 牛摩网': '内容需要完善'}, {'【图】雅马哈 YamahaR6YZF-R6整车 - 牛摩网': '内容需要完善'}, {'#新浪看点# 19万雅马哈R6现街头,129匹马力... 来自柠檬论车 - 微博': '内容需要完善'}, {'【雅马哈 Yamaha R6YZF-R6摩托车图片】雅马哈 Yamaha R6YZF-R6...': '内容需要完善'}, {'雅马哈R6 - 北京摩友交流区 - 摩托车论坛 - 中国摩托迷网 将摩旅...': '内容需要完善'}, {'入门级竞技改装 雅马哈YZF-R6_牛摩网': '内容需要完善'}, {'雅马哈R6声浪有多迷人?一个隧道就知道这摩托车不一般-..._搜狐...': '内容需要完善'}, {'摩登机车 2006雅马哈R6 机车简介视频_用户上传短视频_高清在线...': '内容需要完善'}, {'狂飙的雅马哈R6,600cc跑出这速度,快吗?_车家号_发现车生活_汽车之家': '内容需要完善'}, {'雅马哈R6,一款年轻人都喜欢的机车,听到这声浪就觉得不一般_腾...': '内容需要完善'}]
