2019-06-05 00:36:34,242 logs.py LogsSave 10 DEBUG<->invalid literal for int() with base 10: ''
2019-06-05 00:36:34,242 logs.py LogsSave 10 DEBUG<->invalid literal for int() with base 10: ''
2019-06-05 00:36:34,242 logs.py LogsSave 10 DEBUG<->invalid literal for int() with base 10: ''
2019-06-05 00:36:34,242 logs.py LogsSave 10 DEBUG<->invalid literal for int() with base 10: ''
2019-06-05 00:36:34,242 logs.py LogsSave 10 DEBUG<->invalid literal for int() with base 10: ''
2019-06-05 00:36:34,242 logs.py LogsSave 10 DEBUG<->invalid literal for int() with base 10: ''
2019-06-05 00:36:34,242 logs.py LogsSave 10 DEBUG<->invalid literal for int() with base 10: ''
2019-06-05 00:36:34,276 logs.py LogsSave 10 DEBUG<->invalid literal for int() with base 10: ''
2019-06-05 00:36:34,276 logs.py LogsSave 10 DEBUG<->invalid literal for int() with base 10: ''
2019-06-05 00:36:34,276 logs.py LogsSave 10 DEBUG<->invalid literal for int() with base 10: ''
2019-06-05 00:36:34,276 logs.py LogsSave 10 DEBUG<->invalid literal for int() with base 10: ''
2019-06-05 00:36:34,276 logs.py LogsSave 10 DEBUG<->invalid literal for int() with base 10: ''
2019-06-05 00:36:34,276 logs.py LogsSave 10 DEBUG<->invalid literal for int() with base 10: ''
2019-06-05 00:36:34,276 logs.py LogsSave 10 DEBUG<->invalid literal for int() with base 10: ''
2019-06-05 00:36:52,387 logs.py LogsSave 10 DEBUG<->第一次未找到360.exe的执行文件！
2019-06-05 00:36:52,388 logs.py LogsSave 10 DEBUG<->第二次未找到360.exe的执行文件！
2019-06-05 00:37:17,773 logs.py LogsSave 10 DEBUG<->第一次未找到360.exe的执行文件！
2019-06-05 00:37:17,773 logs.py LogsSave 10 DEBUG<->第二次未找到360.exe的执行文件！
2019-06-05 00:43:26,656 logs.py LogsSave 10 DEBUG<->正在初始化配置！
2019-06-05 00:43:26,656 logs.py LogsSave 10 DEBUG<->正在初始化配置！
2019-06-05 00:43:26,656 logs.py LogsSave 10 DEBUG<->正在初始化配置！
2019-06-05 00:43:26,656 logs.py LogsSave 10 DEBUG<->正在初始化配置！
2019-06-05 00:43:26,656 logs.py LogsSave 10 DEBUG<->正在初始化配置！
2019-06-05 00:43:26,656 logs.py LogsSave 10 DEBUG<->正在初始化配置！
2019-06-05 00:43:26,656 logs.py LogsSave 10 DEBUG<->正在初始化配置！
2019-06-05 00:43:31,588 logs.py LogsSave 10 DEBUG<->第一次未找到360Safe.exe的执行文件！
2019-06-05 00:43:31,588 logs.py LogsSave 10 DEBUG<->第一次未找到360Safe.exe的执行文件！
2019-06-05 00:43:31,588 logs.py LogsSave 10 DEBUG<->第一次未找到360Safe.exe的执行文件！
2019-06-05 00:43:31,588 logs.py LogsSave 10 DEBUG<->第一次未找到360Safe.exe的执行文件！
2019-06-05 00:43:31,588 logs.py LogsSave 10 DEBUG<->第一次未找到360Safe.exe的执行文件！
2019-06-05 00:43:31,588 logs.py LogsSave 10 DEBUG<->第一次未找到360Safe.exe的执行文件！
2019-06-05 00:43:31,588 logs.py LogsSave 10 DEBUG<->第一次未找到360Safe.exe的执行文件！
2019-06-05 00:43:31,596 logs.py LogsSave 10 DEBUG<->第二次未找到360Safe.exe的执行文件！
2019-06-05 00:43:31,596 logs.py LogsSave 10 DEBUG<->第二次未找到360Safe.exe的执行文件！
2019-06-05 00:43:31,596 logs.py LogsSave 10 DEBUG<->第二次未找到360Safe.exe的执行文件！
2019-06-05 00:43:31,596 logs.py LogsSave 10 DEBUG<->第二次未找到360Safe.exe的执行文件！
2019-06-05 00:43:31,596 logs.py LogsSave 10 DEBUG<->第二次未找到360Safe.exe的执行文件！
2019-06-05 00:43:31,596 logs.py LogsSave 10 DEBUG<->第二次未找到360Safe.exe的执行文件！
2019-06-05 00:43:31,596 logs.py LogsSave 10 DEBUG<->第二次未找到360Safe.exe的执行文件！
2019-06-05 00:43:35,899 logs.py LogsSave 10 DEBUG<->初始化配置完成！
2019-06-05 00:43:35,899 logs.py LogsSave 10 DEBUG<->初始化配置完成！
2019-06-05 00:43:35,899 logs.py LogsSave 10 DEBUG<->初始化配置完成！
2019-06-05 00:43:35,899 logs.py LogsSave 10 DEBUG<->初始化配置完成！
2019-06-05 00:43:35,899 logs.py LogsSave 10 DEBUG<->初始化配置完成！
2019-06-05 00:43:35,899 logs.py LogsSave 10 DEBUG<->初始化配置完成！
2019-06-05 00:43:35,899 logs.py LogsSave 10 DEBUG<->初始化配置完成！
